{"C:\\Users\\ivatu\\Documents\\sales ai\\components\\animated-element.tsx": {"path":"C:\\Users\\ivatu\\Documents\\sales ai\\components\\animated-element.tsx","statementMap":{"0":{"start":{"line":19,"column":16},"end":{"line":19,"column":31}},"1":{"start":{"line":59,"column":0},"end":{"line":59,"column":15}},"2":{"start":{"line":3,"column":33},"end":{"line":3,"column":null}},"3":{"start":{"line":4,"column":29},"end":{"line":4,"column":null}},"4":{"start":{"line":6,"column":19},"end":{"line":6,"column":null}},"5":{"start":{"line":30,"column":16},"end":{"line":34,"column":null}},"6":{"start":{"line":36,"column":36},"end":{"line":41,"column":null}},"7":{"start":{"line":59,"column":15},"end":{"line":59,"column":31}}},"fnMap":{"0":{"name":"AnimatedElement","decl":{"start":{"line":19,"column":16},"end":{"line":19,"column":31}},"loc":{"start":{"line":28,"column":23},"end":{"line":56,"column":null}}}},"branchMap":{"0":{"loc":{"start":{"line":25,"column":2},"end":{"line":25,"column":20}},"type":"default-arg","locations":[{"start":{"line":25,"column":16},"end":{"line":25,"column":20}}]},"1":{"loc":{"start":{"line":26,"column":6},"end":{"line":26,"column":23}},"type":"default-arg","locations":[{"start":{"line":26,"column":18},"end":{"line":26,"column":23}}]},"2":{"loc":{"start":{"line":27,"column":2},"end":{"line":27,"column":18}},"type":"default-arg","locations":[{"start":{"line":27,"column":17},"end":{"line":27,"column":18}}]},"3":{"loc":{"start":{"line":30,"column":16},"end":{"line":34,"column":null}},"type":"cond-expr","locations":[{"start":{"line":31,"column":6},"end":{"line":31,"column":null}},{"start":{"line":32,"column":6},"end":{"line":34,"column":null}}]},"4":{"loc":{"start":{"line":32,"column":6},"end":{"line":34,"column":null}},"type":"cond-expr","locations":[{"start":{"line":33,"column":8},"end":{"line":33,"column":27}},{"start":{"line":34,"column":8},"end":{"line":34,"column":null}}]},"5":{"loc":{"start":{"line":46,"column":31},"end":{"line":46,"column":null}},"type":"cond-expr","locations":[{"start":{"line":46,"column":43},"end":{"line":46,"column":60}},{"start":{"line":46,"column":63},"end":{"line":46,"column":null}}]},"6":{"loc":{"start":{"line":50,"column":27},"end":{"line":50,"column":null}},"type":"cond-expr","locations":[{"start":{"line":50,"column":38},"end":{"line":50,"column":53}},{"start":{"line":50,"column":56},"end":{"line":50,"column":null}}]}},"s":{"0":0,"1":0,"2":0,"3":0,"4":0,"5":0,"6":0,"7":0},"f":{"0":0},"b":{"0":[0],"1":[0],"2":[0],"3":[0,0],"4":[0,0],"5":[0,0],"6":[0,0]}}
,"C:\\Users\\ivatu\\Documents\\sales ai\\components\\app-layout.tsx": {"path":"C:\\Users\\ivatu\\Documents\\sales ai\\components\\app-layout.tsx","statementMap":{"0":{"start":{"line":22,"column":24},"end":{"line":22,"column":34}},"1":{"start":{"line":2,"column":17},"end":{"line":2,"column":null}},"2":{"start":{"line":3,"column":28},"end":{"line":3,"column":null}},"3":{"start":{"line":4,"column":23},"end":{"line":4,"column":null}},"4":{"start":{"line":5,"column":52},"end":{"line":5,"column":null}},"5":{"start":{"line":13,"column":7},"end":{"line":13,"column":null}},"6":{"start":{"line":14,"column":83},"end":{"line":14,"column":null}},"7":{"start":{"line":15,"column":50},"end":{"line":15,"column":null}},"8":{"start":{"line":16,"column":28},"end":{"line":16,"column":null}},"9":{"start":{"line":23,"column":19},"end":{"line":23,"column":null}},"10":{"start":{"line":24,"column":21},"end":{"line":24,"column":null}},"11":{"start":{"line":26,"column":19},"end":{"line":31,"column":null}},"12":{"start":{"line":51,"column":20},"end":{"line":52,"column":null}},"13":{"start":{"line":73,"column":14},"end":{"line":74,"column":null}}},"fnMap":{"0":{"name":"AppLayout","decl":{"start":{"line":22,"column":24},"end":{"line":22,"column":34}},"loc":{"start":{"line":22,"column":62},"end":{"line":129,"column":null}}},"1":{"name":"(anonymous_3)","decl":{"start":{"line":50,"column":32},"end":{"line":50,"column":33}},"loc":{"start":{"line":51,"column":20},"end":{"line":52,"column":null}}},"2":{"name":"(anonymous_4)","decl":{"start":{"line":72,"column":26},"end":{"line":72,"column":27}},"loc":{"start":{"line":73,"column":14},"end":{"line":74,"column":null}}}},"branchMap":{"0":{"loc":{"start":{"line":24,"column":21},"end":{"line":24,"column":null}},"type":"binary-expr","locations":[{"start":{"line":24,"column":21},"end":{"line":24,"column":45}},{"start":{"line":24,"column":45},"end":{"line":24,"column":null}}]},"1":{"loc":{"start":{"line":55,"column":24},"end":{"line":57,"column":null}},"type":"cond-expr","locations":[{"start":{"line":56,"column":28},"end":{"line":56,"column":null}},{"start":{"line":57,"column":28},"end":{"line":57,"column":null}}]},"2":{"loc":{"start":{"line":77,"column":18},"end":{"line":79,"column":null}},"type":"cond-expr","locations":[{"start":{"line":78,"column":22},"end":{"line":78,"column":null}},{"start":{"line":79,"column":22},"end":{"line":79,"column":null}}]},"3":{"loc":{"start":{"line":124,"column":9},"end":{"line":124,"column":null}},"type":"binary-expr","locations":[{"start":{"line":124,"column":9},"end":{"line":124,"column":23}},{"start":{"line":124,"column":23},"end":{"line":124,"column":null}}]}},"s":{"0":0,"1":0,"2":0,"3":0,"4":0,"5":0,"6":0,"7":0,"8":0,"9":0,"10":0,"11":0,"12":0,"13":0},"f":{"0":0,"1":0,"2":0},"b":{"0":[0,0],"1":[0,0],"2":[0,0],"3":[0,0]}}
,"C:\\Users\\ivatu\\Documents\\sales ai\\components\\charts.tsx": {"path":"C:\\Users\\ivatu\\Documents\\sales ai\\components\\charts.tsx","statementMap":{"0":{"start":{"line":99,"column":16},"end":{"line":99,"column":24}},"1":{"start":{"line":28,"column":16},"end":{"line":28,"column":25}},"2":{"start":{"line":3,"column":26},"end":{"line":3,"column":null}},"3":{"start":{"line":15,"column":7},"end":{"line":15,"column":null}},"4":{"start":{"line":17,"column":0},"end":{"line":17,"column":null}},"5":{"start":{"line":29,"column":20},"end":{"line":42,"column":null}},"6":{"start":{"line":30,"column":31},"end":{"line":30,"column":40}},"7":{"start":{"line":34,"column":33},"end":{"line":34,"column":43}},"8":{"start":{"line":44,"column":40},"end":{"line":94,"column":null}},"9":{"start":{"line":100,"column":20},"end":{"line":118,"column":null}},"10":{"start":{"line":101,"column":31},"end":{"line":101,"column":40}},"11":{"start":{"line":105,"column":33},"end":{"line":105,"column":43}},"12":{"start":{"line":120,"column":39},"end":{"line":161,"column":null}}},"fnMap":{"0":{"name":"LineChart","decl":{"start":{"line":28,"column":16},"end":{"line":28,"column":25}},"loc":{"start":{"line":28,"column":46},"end":{"line":97,"column":null}}},"1":{"name":"(anonymous_4)","decl":{"start":{"line":30,"column":21},"end":{"line":30,"column":22}},"loc":{"start":{"line":30,"column":31},"end":{"line":30,"column":40}}},"2":{"name":"(anonymous_5)","decl":{"start":{"line":34,"column":23},"end":{"line":34,"column":24}},"loc":{"start":{"line":34,"column":33},"end":{"line":34,"column":43}}},"3":{"name":"BarChart","decl":{"start":{"line":99,"column":16},"end":{"line":99,"column":24}},"loc":{"start":{"line":99,"column":45},"end":{"line":164,"column":null}}},"4":{"name":"(anonymous_7)","decl":{"start":{"line":101,"column":21},"end":{"line":101,"column":22}},"loc":{"start":{"line":101,"column":31},"end":{"line":101,"column":40}}},"5":{"name":"(anonymous_8)","decl":{"start":{"line":105,"column":23},"end":{"line":105,"column":24}},"loc":{"start":{"line":105,"column":33},"end":{"line":105,"column":43}}}},"branchMap":{},"s":{"0":0,"1":0,"2":0,"3":0,"4":0,"5":0,"6":0,"7":0,"8":0,"9":0,"10":0,"11":0,"12":0},"f":{"0":0,"1":0,"2":0,"3":0,"4":0,"5":0},"b":{}}
,"C:\\Users\\ivatu\\Documents\\sales ai\\components\\dashboard-layout.tsx": {"path":"C:\\Users\\ivatu\\Documents\\sales ai\\components\\dashboard-layout.tsx","statementMap":{"0":{"start":{"line":20,"column":24},"end":{"line":20,"column":40}},"1":{"start":{"line":2,"column":17},"end":{"line":2,"column":null}},"2":{"start":{"line":3,"column":23},"end":{"line":3,"column":null}},"3":{"start":{"line":4,"column":52},"end":{"line":4,"column":null}},"4":{"start":{"line":12,"column":7},"end":{"line":12,"column":null}},"5":{"start":{"line":13,"column":95},"end":{"line":13,"column":null}},"6":{"start":{"line":14,"column":50},"end":{"line":14,"column":null}},"7":{"start":{"line":21,"column":19},"end":{"line":28,"column":null}},"8":{"start":{"line":49,"column":20},"end":{"line":50,"column":null}},"9":{"start":{"line":68,"column":14},"end":{"line":69,"column":null}}},"fnMap":{"0":{"name":"DashboardLayout","decl":{"start":{"line":20,"column":24},"end":{"line":20,"column":40}},"loc":{"start":{"line":20,"column":74},"end":{"line":117,"column":null}}},"1":{"name":"(anonymous_3)","decl":{"start":{"line":48,"column":32},"end":{"line":48,"column":33}},"loc":{"start":{"line":49,"column":20},"end":{"line":50,"column":null}}},"2":{"name":"(anonymous_4)","decl":{"start":{"line":67,"column":26},"end":{"line":67,"column":27}},"loc":{"start":{"line":68,"column":14},"end":{"line":69,"column":null}}}},"branchMap":{},"s":{"0":0,"1":0,"2":0,"3":0,"4":0,"5":0,"6":0,"7":0,"8":0,"9":0},"f":{"0":0,"1":0,"2":0},"b":{}}
,"C:\\Users\\ivatu\\Documents\\sales ai\\components\\theme-provider.tsx": {"path":"C:\\Users\\ivatu\\Documents\\sales ai\\components\\theme-provider.tsx","statementMap":{"0":{"start":{"line":9,"column":16},"end":{"line":9,"column":30}},"1":{"start":{"line":3,"column":23},"end":{"line":3,"column":null}},"2":{"start":{"line":7,"column":7},"end":{"line":7,"column":null}}},"fnMap":{"0":{"name":"ThemeProvider","decl":{"start":{"line":9,"column":16},"end":{"line":9,"column":30}},"loc":{"start":{"line":9,"column":72},"end":{"line":11,"column":null}}}},"branchMap":{},"s":{"0":0,"1":0,"2":0},"f":{"0":0},"b":{}}
,"C:\\Users\\ivatu\\Documents\\sales ai\\components\\token-usage.tsx": {"path":"C:\\Users\\ivatu\\Documents\\sales ai\\components\\token-usage.tsx","statementMap":{"0":{"start":{"line":22,"column":16},"end":{"line":22,"column":27}},"1":{"start":{"line":3,"column":18},"end":{"line":3,"column":null}},"2":{"start":{"line":4,"column":34},"end":{"line":4,"column":null}},"3":{"start":{"line":5,"column":25},"end":{"line":5,"column":null}},"4":{"start":{"line":6,"column":41},"end":{"line":6,"column":null}},"5":{"start":{"line":7,"column":19},"end":{"line":7,"column":null}},"6":{"start":{"line":13,"column":7},"end":{"line":13,"column":null}},"7":{"start":{"line":29,"column":26},"end":{"line":29,"column":null}},"8":{"start":{"line":32,"column":24},"end":{"line":36,"column":null}},"9":{"start":{"line":33,"column":4},"end":{"line":33,"column":null}},"10":{"start":{"line":33,"column":30},"end":{"line":33,"column":null}},"11":{"start":{"line":34,"column":4},"end":{"line":34,"column":null}},"12":{"start":{"line":34,"column":30},"end":{"line":34,"column":null}},"13":{"start":{"line":35,"column":4},"end":{"line":35,"column":null}}},"fnMap":{"0":{"name":"TokenUsage","decl":{"start":{"line":22,"column":16},"end":{"line":22,"column":27}},"loc":{"start":{"line":27,"column":18},"end":{"line":96,"column":null}}},"1":{"name":"(anonymous_3)","decl":{"start":{"line":32,"column":24},"end":{"line":32,"column":null}},"loc":{"start":{"line":32,"column":24},"end":{"line":36,"column":null}}}},"branchMap":{"0":{"loc":{"start":{"line":33,"column":4},"end":{"line":33,"column":null}},"type":"if","locations":[{"start":{"line":33,"column":4},"end":{"line":33,"column":null}}]},"1":{"loc":{"start":{"line":34,"column":4},"end":{"line":34,"column":null}},"type":"if","locations":[{"start":{"line":34,"column":4},"end":{"line":34,"column":null}}]},"2":{"loc":{"start":{"line":78,"column":34},"end":{"line":80,"column":null}},"type":"cond-expr","locations":[{"start":{"line":78,"column":57},"end":{"line":78,"column":null}},{"start":{"line":79,"column":33},"end":{"line":80,"column":null}}]},"3":{"loc":{"start":{"line":79,"column":33},"end":{"line":80,"column":null}},"type":"cond-expr","locations":[{"start":{"line":79,"column":56},"end":{"line":79,"column":null}},{"start":{"line":80,"column":33},"end":{"line":80,"column":null}}]},"4":{"loc":{"start":{"line":84,"column":11},"end":{"line":84,"column":null}},"type":"binary-expr","locations":[{"start":{"line":84,"column":11},"end":{"line":84,"column":null}}]}},"s":{"0":0,"1":0,"2":0,"3":0,"4":0,"5":0,"6":0,"7":0,"8":0,"9":0,"10":0,"11":0,"12":0,"13":0},"f":{"0":0,"1":0},"b":{"0":[0],"1":[0],"2":[0,0],"3":[0,0],"4":[0]}}
,"C:\\Users\\ivatu\\Documents\\sales ai\\components\\analytics\\performance-trends.tsx": {"path":"C:\\Users\\ivatu\\Documents\\sales ai\\components\\analytics\\performance-trends.tsx","statementMap":{"0":{"start":{"line":19,"column":16},"end":{"line":19,"column":34}},"1":{"start":{"line":3,"column":32},"end":{"line":3,"column":null}},"2":{"start":{"line":4,"column":74},"end":{"line":4,"column":null}},"3":{"start":{"line":5,"column":57},"end":{"line":5,"column":null}},"4":{"start":{"line":6,"column":78},"end":{"line":6,"column":null}},"5":{"start":{"line":7,"column":23},"end":{"line":7,"column":null}},"6":{"start":{"line":8,"column":25},"end":{"line":8,"column":null}},"7":{"start":{"line":9,"column":56},"end":{"line":9,"column":null}},"8":{"start":{"line":10,"column":23},"end":{"line":10,"column":null}},"9":{"start":{"line":11,"column":64},"end":{"line":11,"column":null}},"10":{"start":{"line":12,"column":19},"end":{"line":12,"column":null}},"11":{"start":{"line":13,"column":47},"end":{"line":13,"column":null}},"12":{"start":{"line":20,"column":36},"end":{"line":26,"column":null}},"13":{"start":{"line":28,"column":38},"end":{"line":28,"column":null}},"14":{"start":{"line":31,"column":27},"end":{"line":62,"column":null}},"15":{"start":{"line":64,"column":21},"end":{"line":70,"column":null}},"16":{"start":{"line":72,"column":26},"end":{"line":78,"column":null}},"17":{"start":{"line":81,"column":33},"end":{"line":111,"column":null}},"18":{"start":{"line":82,"column":4},"end":{"line":82,"column":null}},"19":{"start":{"line":84,"column":16},"end":{"line":84,"column":null}},"20":{"start":{"line":87,"column":4},"end":{"line":105,"column":null}},"21":{"start":{"line":89,"column":8},"end":{"line":89,"column":null}},"22":{"start":{"line":90,"column":8},"end":{"line":90,"column":null}},"23":{"start":{"line":92,"column":8},"end":{"line":92,"column":null}},"24":{"start":{"line":93,"column":8},"end":{"line":93,"column":null}},"25":{"start":{"line":95,"column":8},"end":{"line":95,"column":null}},"26":{"start":{"line":96,"column":8},"end":{"line":96,"column":null}},"27":{"start":{"line":98,"column":8},"end":{"line":98,"column":54}},"28":{"start":{"line":99,"column":8},"end":{"line":99,"column":null}},"29":{"start":{"line":101,"column":8},"end":{"line":101,"column":41}},"30":{"start":{"line":102,"column":8},"end":{"line":102,"column":null}},"31":{"start":{"line":104,"column":8},"end":{"line":104,"column":null}},"32":{"start":{"line":107,"column":4},"end":{"line":110,"column":null}},"33":{"start":{"line":158,"column":39},"end":{"line":158,"column":null}},"34":{"start":{"line":185,"column":43},"end":{"line":185,"column":54}},"35":{"start":{"line":218,"column":43},"end":{"line":218,"column":54}},"36":{"start":{"line":234,"column":43},"end":{"line":234,"column":54}}},"fnMap":{"0":{"name":"PerformanceTrends","decl":{"start":{"line":19,"column":16},"end":{"line":19,"column":34}},"loc":{"start":{"line":19,"column":71},"end":{"line":246,"column":null}}},"1":{"name":"(anonymous_5)","decl":{"start":{"line":81,"column":33},"end":{"line":81,"column":34}},"loc":{"start":{"line":81,"column":34},"end":{"line":111,"column":null}}},"2":{"name":"(anonymous_6)","decl":{"start":{"line":158,"column":28},"end":{"line":158,"column":29}},"loc":{"start":{"line":158,"column":39},"end":{"line":158,"column":null}}},"3":{"name":"(anonymous_7)","decl":{"start":{"line":185,"column":32},"end":{"line":185,"column":33}},"loc":{"start":{"line":185,"column":43},"end":{"line":185,"column":54}}},"4":{"name":"(anonymous_8)","decl":{"start":{"line":218,"column":32},"end":{"line":218,"column":33}},"loc":{"start":{"line":218,"column":43},"end":{"line":218,"column":54}}},"5":{"name":"(anonymous_9)","decl":{"start":{"line":234,"column":32},"end":{"line":234,"column":33}},"loc":{"start":{"line":234,"column":43},"end":{"line":234,"column":54}}}},"branchMap":{"0":{"loc":{"start":{"line":87,"column":4},"end":{"line":105,"column":null}},"type":"switch","locations":[{"start":{"line":88,"column":6},"end":{"line":90,"column":null}},{"start":{"line":91,"column":6},"end":{"line":93,"column":null}},{"start":{"line":94,"column":6},"end":{"line":96,"column":null}},{"start":{"line":97,"column":6},"end":{"line":99,"column":null}},{"start":{"line":100,"column":6},"end":{"line":102,"column":null}},{"start":{"line":103,"column":6},"end":{"line":104,"column":null}}]},"1":{"loc":{"start":{"line":135,"column":11},"end":{"line":135,"column":null}},"type":"binary-expr","locations":[{"start":{"line":135,"column":11},"end":{"line":135,"column":null}}]},"2":{"loc":{"start":{"line":141,"column":20},"end":{"line":146,"column":null}},"type":"cond-expr","locations":[{"start":{"line":141,"column":20},"end":{"line":146,"column":null}}]},"3":{"loc":{"start":{"line":141,"column":20},"end":{"line":146,"column":null}},"type":"cond-expr","locations":[{"start":{"line":142,"column":22},"end":{"line":146,"column":28}},{"start":{"line":146,"column":22},"end":{"line":146,"column":null}}]},"4":{"loc":{"start":{"line":158,"column":52},"end":{"line":158,"column":null}},"type":"binary-expr","locations":[{"start":{"line":158,"column":52},"end":{"line":158,"column":61}},{"start":{"line":158,"column":61},"end":{"line":158,"column":null}}]}},"s":{"0":0,"1":0,"2":0,"3":0,"4":0,"5":0,"6":0,"7":0,"8":0,"9":0,"10":0,"11":0,"12":0,"13":0,"14":0,"15":0,"16":0,"17":0,"18":0,"19":0,"20":0,"21":0,"22":0,"23":0,"24":0,"25":0,"26":0,"27":0,"28":0,"29":0,"30":0,"31":0,"32":0,"33":0,"34":0,"35":0,"36":0},"f":{"0":0,"1":0,"2":0,"3":0,"4":0,"5":0},"b":{"0":[0,0,0,0,0,0],"1":[0],"2":[0],"3":[0,0],"4":[0,0]}}
,"C:\\Users\\ivatu\\Documents\\sales ai\\components\\chat\\audio-player.tsx": {"path":"C:\\Users\\ivatu\\Documents\\sales ai\\components\\chat\\audio-player.tsx","statementMap":{"0":{"start":{"line":16,"column":16},"end":{"line":16,"column":28}},"1":{"start":{"line":3,"column":51},"end":{"line":3,"column":null}},"2":{"start":{"line":4,"column":23},"end":{"line":4,"column":null}},"3":{"start":{"line":5,"column":23},"end":{"line":5,"column":null}},"4":{"start":{"line":6,"column":57},"end":{"line":6,"column":null}},"5":{"start":{"line":7,"column":19},"end":{"line":7,"column":null}},"6":{"start":{"line":17,"column":36},"end":{"line":17,"column":null}},"7":{"start":{"line":18,"column":40},"end":{"line":18,"column":null}},"8":{"start":{"line":19,"column":34},"end":{"line":19,"column":null}},"9":{"start":{"line":20,"column":30},"end":{"line":20,"column":null}},"10":{"start":{"line":21,"column":32},"end":{"line":21,"column":null}},"11":{"start":{"line":22,"column":34},"end":{"line":22,"column":null}},"12":{"start":{"line":24,"column":19},"end":{"line":24,"column":null}},"13":{"start":{"line":25,"column":23},"end":{"line":25,"column":null}},"14":{"start":{"line":28,"column":2},"end":{"line":35,"column":null}},"15":{"start":{"line":29,"column":16},"end":{"line":29,"column":null}},"16":{"start":{"line":30,"column":4},"end":{"line":30,"column":null}},"17":{"start":{"line":32,"column":4},"end":{"line":34,"column":null}},"18":{"start":{"line":33,"column":6},"end":{"line":33,"column":null}},"19":{"start":{"line":33,"column":15},"end":{"line":33,"column":null}},"20":{"start":{"line":38,"column":2},"end":{"line":61,"column":null}},"21":{"start":{"line":39,"column":4},"end":{"line":39,"column":null}},"22":{"start":{"line":39,"column":19},"end":{"line":39,"column":null}},"23":{"start":{"line":41,"column":18},"end":{"line":41,"column":null}},"24":{"start":{"line":42,"column":4},"end":{"line":42,"column":null}},"25":{"start":{"line":44,"column":4},"end":{"line":46,"column":null}},"26":{"start":{"line":45,"column":6},"end":{"line":45,"column":null}},"27":{"start":{"line":48,"column":4},"end":{"line":54,"column":null}},"28":{"start":{"line":49,"column":6},"end":{"line":49,"column":null}},"29":{"start":{"line":50,"column":6},"end":{"line":50,"column":null}},"30":{"start":{"line":51,"column":6},"end":{"line":53,"column":null}},"31":{"start":{"line":52,"column":8},"end":{"line":52,"column":null}},"32":{"start":{"line":56,"column":4},"end":{"line":60,"column":null}},"33":{"start":{"line":57,"column":6},"end":{"line":57,"column":null}},"34":{"start":{"line":58,"column":6},"end":{"line":58,"column":null}},"35":{"start":{"line":59,"column":6},"end":{"line":59,"column":null}},"36":{"start":{"line":64,"column":28},"end":{"line":69,"column":null}},"37":{"start":{"line":65,"column":4},"end":{"line":65,"column":null}},"38":{"start":{"line":65,"column":27},"end":{"line":65,"column":null}},"39":{"start":{"line":67,"column":4},"end":{"line":67,"column":null}},"40":{"start":{"line":68,"column":4},"end":{"line":68,"column":null}},"41":{"start":{"line":72,"column":26},"end":{"line":86,"column":null}},"42":{"start":{"line":73,"column":4},"end":{"line":73,"column":null}},"43":{"start":{"line":73,"column":27},"end":{"line":73,"column":null}},"44":{"start":{"line":75,"column":4},"end":{"line":83,"column":null}},"45":{"start":{"line":76,"column":6},"end":{"line":76,"column":null}},"46":{"start":{"line":77,"column":6},"end":{"line":79,"column":null}},"47":{"start":{"line":78,"column":8},"end":{"line":78,"column":null}},"48":{"start":{"line":81,"column":6},"end":{"line":81,"column":null}},"49":{"start":{"line":82,"column":6},"end":{"line":82,"column":null}},"50":{"start":{"line":85,"column":4},"end":{"line":85,"column":null}},"51":{"start":{"line":89,"column":18},"end":{"line":98,"column":null}},"52":{"start":{"line":90,"column":4},"end":{"line":90,"column":null}},"53":{"start":{"line":90,"column":27},"end":{"line":90,"column":null}},"54":{"start":{"line":92,"column":4},"end":{"line":92,"column":null}},"55":{"start":{"line":93,"column":4},"end":{"line":93,"column":null}},"56":{"start":{"line":95,"column":4},"end":{"line":97,"column":null}},"57":{"start":{"line":96,"column":6},"end":{"line":96,"column":null}},"58":{"start":{"line":101,"column":27},"end":{"line":111,"column":null}},"59":{"start":{"line":102,"column":4},"end":{"line":102,"column":null}},"60":{"start":{"line":102,"column":27},"end":{"line":102,"column":null}},"61":{"start":{"line":104,"column":20},"end":{"line":104,"column":28}},"62":{"start":{"line":105,"column":4},"end":{"line":105,"column":null}},"63":{"start":{"line":106,"column":4},"end":{"line":106,"column":null}},"64":{"start":{"line":108,"column":4},"end":{"line":110,"column":null}},"65":{"start":{"line":109,"column":6},"end":{"line":109,"column":null}},"66":{"start":{"line":114,"column":29},"end":{"line":126,"column":null}},"67":{"start":{"line":115,"column":4},"end":{"line":115,"column":null}},"68":{"start":{"line":115,"column":27},"end":{"line":115,"column":null}},"69":{"start":{"line":117,"column":22},"end":{"line":117,"column":30}},"70":{"start":{"line":118,"column":4},"end":{"line":118,"column":null}},"71":{"start":{"line":119,"column":4},"end":{"line":119,"column":null}},"72":{"start":{"line":121,"column":4},"end":{"line":125,"column":null}},"73":{"start":{"line":122,"column":6},"end":{"line":122,"column":null}},"74":{"start":{"line":123,"column":11},"end":{"line":125,"column":null}},"75":{"start":{"line":124,"column":6},"end":{"line":124,"column":null}},"76":{"start":{"line":129,"column":21},"end":{"line":139,"column":null}},"77":{"start":{"line":130,"column":4},"end":{"line":130,"column":null}},"78":{"start":{"line":130,"column":27},"end":{"line":130,"column":null}},"79":{"start":{"line":132,"column":4},"end":{"line":138,"column":null}},"80":{"start":{"line":133,"column":6},"end":{"line":133,"column":null}},"81":{"start":{"line":134,"column":6},"end":{"line":134,"column":null}},"82":{"start":{"line":136,"column":6},"end":{"line":136,"column":null}},"83":{"start":{"line":137,"column":6},"end":{"line":137,"column":null}},"84":{"start":{"line":142,"column":21},"end":{"line":146,"column":null}},"85":{"start":{"line":143,"column":20},"end":{"line":143,"column":null}},"86":{"start":{"line":144,"column":20},"end":{"line":144,"column":null}},"87":{"start":{"line":145,"column":4},"end":{"line":145,"column":null}}},"fnMap":{"0":{"name":"AudioPlayer","decl":{"start":{"line":16,"column":16},"end":{"line":16,"column":28}},"loc":{"start":{"line":16,"column":91},"end":{"line":227,"column":null}}},"1":{"name":"(anonymous_5)","decl":{"start":{"line":28,"column":12},"end":{"line":28,"column":null}},"loc":{"start":{"line":28,"column":12},"end":{"line":35,"column":5}}},"2":{"name":"(anonymous_6)","decl":{"start":{"line":32,"column":11},"end":{"line":32,"column":null}},"loc":{"start":{"line":32,"column":11},"end":{"line":34,"column":null}}},"3":{"name":"(anonymous_7)","decl":{"start":{"line":38,"column":12},"end":{"line":38,"column":null}},"loc":{"start":{"line":38,"column":12},"end":{"line":61,"column":5}}},"4":{"name":"(anonymous_8)","decl":{"start":{"line":44,"column":45},"end":{"line":44,"column":null}},"loc":{"start":{"line":44,"column":45},"end":{"line":46,"column":null}}},"5":{"name":"(anonymous_9)","decl":{"start":{"line":48,"column":36},"end":{"line":48,"column":null}},"loc":{"start":{"line":48,"column":36},"end":{"line":54,"column":null}}},"6":{"name":"(anonymous_10)","decl":{"start":{"line":56,"column":11},"end":{"line":56,"column":null}},"loc":{"start":{"line":56,"column":11},"end":{"line":60,"column":null}}},"7":{"name":"(anonymous_11)","decl":{"start":{"line":64,"column":28},"end":{"line":64,"column":null}},"loc":{"start":{"line":64,"column":28},"end":{"line":69,"column":null}}},"8":{"name":"(anonymous_12)","decl":{"start":{"line":72,"column":26},"end":{"line":72,"column":null}},"loc":{"start":{"line":72,"column":26},"end":{"line":86,"column":null}}},"9":{"name":"(anonymous_13)","decl":{"start":{"line":89,"column":18},"end":{"line":89,"column":null}},"loc":{"start":{"line":89,"column":18},"end":{"line":98,"column":null}}},"10":{"name":"(anonymous_14)","decl":{"start":{"line":101,"column":27},"end":{"line":101,"column":28}},"loc":{"start":{"line":101,"column":28},"end":{"line":111,"column":null}}},"11":{"name":"(anonymous_15)","decl":{"start":{"line":114,"column":29},"end":{"line":114,"column":30}},"loc":{"start":{"line":114,"column":30},"end":{"line":126,"column":null}}},"12":{"name":"(anonymous_16)","decl":{"start":{"line":129,"column":21},"end":{"line":129,"column":null}},"loc":{"start":{"line":129,"column":21},"end":{"line":139,"column":null}}},"13":{"name":"(anonymous_17)","decl":{"start":{"line":142,"column":21},"end":{"line":142,"column":22}},"loc":{"start":{"line":142,"column":22},"end":{"line":146,"column":null}}}},"branchMap":{"0":{"loc":{"start":{"line":33,"column":6},"end":{"line":33,"column":null}},"type":"if","locations":[{"start":{"line":33,"column":6},"end":{"line":33,"column":null}}]},"1":{"loc":{"start":{"line":39,"column":4},"end":{"line":39,"column":null}},"type":"if","locations":[{"start":{"line":39,"column":4},"end":{"line":39,"column":null}}]},"2":{"loc":{"start":{"line":51,"column":6},"end":{"line":53,"column":null}},"type":"if","locations":[{"start":{"line":51,"column":6},"end":{"line":53,"column":null}}]},"3":{"loc":{"start":{"line":65,"column":4},"end":{"line":65,"column":null}},"type":"if","locations":[{"start":{"line":65,"column":4},"end":{"line":65,"column":null}}]},"4":{"loc":{"start":{"line":73,"column":4},"end":{"line":73,"column":null}},"type":"if","locations":[{"start":{"line":73,"column":4},"end":{"line":73,"column":null}}]},"5":{"loc":{"start":{"line":75,"column":4},"end":{"line":83,"column":null}},"type":"if","locations":[{"start":{"line":75,"column":4},"end":{"line":83,"column":null}},{"start":{"line":80,"column":11},"end":{"line":83,"column":null}}]},"6":{"loc":{"start":{"line":77,"column":6},"end":{"line":79,"column":null}},"type":"if","locations":[{"start":{"line":77,"column":6},"end":{"line":79,"column":null}}]},"7":{"loc":{"start":{"line":90,"column":4},"end":{"line":90,"column":null}},"type":"if","locations":[{"start":{"line":90,"column":4},"end":{"line":90,"column":null}}]},"8":{"loc":{"start":{"line":95,"column":4},"end":{"line":97,"column":null}},"type":"if","locations":[{"start":{"line":95,"column":4},"end":{"line":97,"column":null}}]},"9":{"loc":{"start":{"line":102,"column":4},"end":{"line":102,"column":null}},"type":"if","locations":[{"start":{"line":102,"column":4},"end":{"line":102,"column":null}}]},"10":{"loc":{"start":{"line":108,"column":4},"end":{"line":110,"column":null}},"type":"if","locations":[{"start":{"line":108,"column":4},"end":{"line":110,"column":null}}]},"11":{"loc":{"start":{"line":115,"column":4},"end":{"line":115,"column":null}},"type":"if","locations":[{"start":{"line":115,"column":4},"end":{"line":115,"column":null}}]},"12":{"loc":{"start":{"line":121,"column":4},"end":{"line":125,"column":null}},"type":"if","locations":[{"start":{"line":121,"column":4},"end":{"line":125,"column":null}},{"start":{"line":123,"column":11},"end":{"line":125,"column":null}}]},"13":{"loc":{"start":{"line":123,"column":11},"end":{"line":125,"column":null}},"type":"if","locations":[{"start":{"line":123,"column":11},"end":{"line":125,"column":null}}]},"14":{"loc":{"start":{"line":130,"column":4},"end":{"line":130,"column":null}},"type":"if","locations":[{"start":{"line":130,"column":4},"end":{"line":130,"column":null}}]},"15":{"loc":{"start":{"line":132,"column":4},"end":{"line":138,"column":null}},"type":"if","locations":[{"start":{"line":132,"column":4},"end":{"line":138,"column":null}},{"start":{"line":135,"column":11},"end":{"line":138,"column":null}}]},"16":{"loc":{"start":{"line":133,"column":32},"end":{"line":133,"column":null}},"type":"binary-expr","locations":[{"start":{"line":133,"column":32},"end":{"line":133,"column":42}},{"start":{"line":133,"column":42},"end":{"line":133,"column":null}}]},"17":{"loc":{"start":{"line":145,"column":25},"end":{"line":145,"column":51}},"type":"cond-expr","locations":[{"start":{"line":145,"column":40},"end":{"line":145,"column":46}},{"start":{"line":145,"column":46},"end":{"line":145,"column":51}}]},"18":{"loc":{"start":{"line":158,"column":12},"end":{"line":160,"column":13}},"type":"cond-expr","locations":[{"start":{"line":158,"column":12},"end":{"line":160,"column":13}}]},"19":{"loc":{"start":{"line":178,"column":17},"end":{"line":178,"column":null}},"type":"binary-expr","locations":[{"start":{"line":178,"column":17},"end":{"line":178,"column":29}},{"start":{"line":178,"column":29},"end":{"line":178,"column":null}}]},"20":{"loc":{"start":{"line":194,"column":14},"end":{"line":196,"column":15}},"type":"cond-expr","locations":[{"start":{"line":194,"column":14},"end":{"line":196,"column":15}}]},"21":{"loc":{"start":{"line":201,"column":20},"end":{"line":201,"column":41}},"type":"cond-expr","locations":[{"start":{"line":201,"column":30},"end":{"line":201,"column":34}},{"start":{"line":201,"column":34},"end":{"line":201,"column":41}}]},"22":{"loc":{"start":{"line":211,"column":8},"end":{"line":211,"column":21}},"type":"binary-expr","locations":[{"start":{"line":211,"column":8},"end":{"line":211,"column":21}},{"start":{"line":211,"column":21},"end":{"line":211,"column":28}}]},"23":{"loc":{"start":{"line":213,"column":11},"end":{"line":213,"column":null}},"type":"binary-expr","locations":[{"start":{"line":213,"column":11},"end":{"line":213,"column":null}}]},"24":{"loc":{"start":{"line":218,"column":11},"end":{"line":218,"column":null}},"type":"binary-expr","locations":[{"start":{"line":218,"column":11},"end":{"line":218,"column":null}}]}},"s":{"0":0,"1":0,"2":0,"3":0,"4":0,"5":0,"6":0,"7":0,"8":0,"9":0,"10":0,"11":0,"12":0,"13":0,"14":0,"15":0,"16":0,"17":0,"18":0,"19":0,"20":0,"21":0,"22":0,"23":0,"24":0,"25":0,"26":0,"27":0,"28":0,"29":0,"30":0,"31":0,"32":0,"33":0,"34":0,"35":0,"36":0,"37":0,"38":0,"39":0,"40":0,"41":0,"42":0,"43":0,"44":0,"45":0,"46":0,"47":0,"48":0,"49":0,"50":0,"51":0,"52":0,"53":0,"54":0,"55":0,"56":0,"57":0,"58":0,"59":0,"60":0,"61":0,"62":0,"63":0,"64":0,"65":0,"66":0,"67":0,"68":0,"69":0,"70":0,"71":0,"72":0,"73":0,"74":0,"75":0,"76":0,"77":0,"78":0,"79":0,"80":0,"81":0,"82":0,"83":0,"84":0,"85":0,"86":0,"87":0},"f":{"0":0,"1":0,"2":0,"3":0,"4":0,"5":0,"6":0,"7":0,"8":0,"9":0,"10":0,"11":0,"12":0,"13":0},"b":{"0":[0],"1":[0],"2":[0],"3":[0],"4":[0],"5":[0,0],"6":[0],"7":[0],"8":[0],"9":[0],"10":[0],"11":[0],"12":[0,0],"13":[0],"14":[0],"15":[0,0],"16":[0,0],"17":[0,0],"18":[0],"19":[0,0],"20":[0],"21":[0,0],"22":[0,0],"23":[0],"24":[0]}}
,"C:\\Users\\ivatu\\Documents\\sales ai\\components\\chat\\chat-search.tsx": {"path":"C:\\Users\\ivatu\\Documents\\sales ai\\components\\chat\\chat-search.tsx","statementMap":{"0":{"start":{"line":15,"column":16},"end":{"line":15,"column":27}},"1":{"start":{"line":3,"column":32},"end":{"line":3,"column":null}},"2":{"start":{"line":4,"column":26},"end":{"line":4,"column":null}},"3":{"start":{"line":5,"column":22},"end":{"line":5,"column":null}},"4":{"start":{"line":6,"column":23},"end":{"line":6,"column":null}},"5":{"start":{"line":7,"column":28},"end":{"line":7,"column":null}},"6":{"start":{"line":16,"column":28},"end":{"line":16,"column":null}},"7":{"start":{"line":17,"column":38},"end":{"line":17,"column":null}},"8":{"start":{"line":19,"column":23},"end":{"line":24,"column":null}},"9":{"start":{"line":20,"column":4},"end":{"line":20,"column":null}},"10":{"start":{"line":21,"column":4},"end":{"line":23,"column":null}},"11":{"start":{"line":22,"column":6},"end":{"line":22,"column":null}},"12":{"start":{"line":26,"column":22},"end":{"line":29,"column":null}},"13":{"start":{"line":27,"column":4},"end":{"line":27,"column":null}},"14":{"start":{"line":28,"column":4},"end":{"line":28,"column":null}},"15":{"start":{"line":31,"column":23},"end":{"line":36,"column":null}},"16":{"start":{"line":32,"column":4},"end":{"line":32,"column":null}},"17":{"start":{"line":33,"column":4},"end":{"line":35,"column":null}},"18":{"start":{"line":34,"column":6},"end":{"line":34,"column":null}},"19":{"start":{"line":47,"column":31},"end":{"line":47,"column":null}}},"fnMap":{"0":{"name":"ChatSearch","decl":{"start":{"line":15,"column":16},"end":{"line":15,"column":27}},"loc":{"start":{"line":15,"column":76},"end":{"line":85,"column":null}}},"1":{"name":"(anonymous_6)","decl":{"start":{"line":19,"column":23},"end":{"line":19,"column":24}},"loc":{"start":{"line":19,"column":24},"end":{"line":24,"column":null}}},"2":{"name":"(anonymous_7)","decl":{"start":{"line":26,"column":22},"end":{"line":26,"column":null}},"loc":{"start":{"line":26,"column":22},"end":{"line":29,"column":null}}},"3":{"name":"(anonymous_8)","decl":{"start":{"line":31,"column":23},"end":{"line":31,"column":null}},"loc":{"start":{"line":31,"column":23},"end":{"line":36,"column":null}}},"4":{"name":"(anonymous_9)","decl":{"start":{"line":47,"column":24},"end":{"line":47,"column":25}},"loc":{"start":{"line":47,"column":31},"end":{"line":47,"column":null}}}},"branchMap":{"0":{"loc":{"start":{"line":21,"column":4},"end":{"line":23,"column":null}},"type":"if","locations":[{"start":{"line":21,"column":4},"end":{"line":23,"column":null}}]},"1":{"loc":{"start":{"line":33,"column":4},"end":{"line":35,"column":null}},"type":"if","locations":[{"start":{"line":33,"column":4},"end":{"line":35,"column":null}}]},"2":{"loc":{"start":{"line":41,"column":8},"end":{"line":74,"column":9}},"type":"cond-expr","locations":[{"start":{"line":41,"column":8},"end":{"line":74,"column":9}}]},"3":{"loc":{"start":{"line":51,"column":13},"end":{"line":51,"column":null}},"type":"binary-expr","locations":[{"start":{"line":51,"column":13},"end":{"line":51,"column":null}}]}},"s":{"0":0,"1":0,"2":0,"3":0,"4":0,"5":0,"6":0,"7":0,"8":0,"9":0,"10":0,"11":0,"12":0,"13":0,"14":0,"15":0,"16":0,"17":0,"18":0,"19":0},"f":{"0":0,"1":0,"2":0,"3":0,"4":0},"b":{"0":[0],"1":[0],"2":[0],"3":[0]}}
,"C:\\Users\\ivatu\\Documents\\sales ai\\components\\chat\\chat-sidebar.tsx": {"path":"C:\\Users\\ivatu\\Documents\\sales ai\\components\\chat\\chat-sidebar.tsx","statementMap":{"0":{"start":{"line":49,"column":16},"end":{"line":49,"column":null}},"1":{"start":{"line":3,"column":43},"end":{"line":3,"column":null}},"2":{"start":{"line":4,"column":17},"end":{"line":4,"column":null}},"3":{"start":{"line":5,"column":39},"end":{"line":5,"column":null}},"4":{"start":{"line":6,"column":23},"end":{"line":6,"column":null}},"5":{"start":{"line":7,"column":27},"end":{"line":7,"column":null}},"6":{"start":{"line":8,"column":26},"end":{"line":8,"column":null}},"7":{"start":{"line":18,"column":7},"end":{"line":18,"column":null}},"8":{"start":{"line":25,"column":7},"end":{"line":25,"column":null}},"9":{"start":{"line":26,"column":22},"end":{"line":26,"column":null}},"10":{"start":{"line":35,"column":7},"end":{"line":35,"column":null}},"11":{"start":{"line":36,"column":52},"end":{"line":36,"column":null}},"12":{"start":{"line":37,"column":25},"end":{"line":37,"column":null}},"13":{"start":{"line":38,"column":24},"end":{"line":38,"column":null}},"14":{"start":{"line":39,"column":31},"end":{"line":39,"column":null}},"15":{"start":{"line":40,"column":28},"end":{"line":40,"column":null}},"16":{"start":{"line":50,"column":17},"end":{"line":50,"column":null}},"17":{"start":{"line":51,"column":19},"end":{"line":51,"column":null}},"18":{"start":{"line":52,"column":20},"end":{"line":52,"column":null}},"19":{"start":{"line":53,"column":27},"end":{"line":53,"column":null}},"20":{"start":{"line":54,"column":25},"end":{"line":54,"column":null}},"21":{"start":{"line":56,"column":30},"end":{"line":56,"column":null}},"22":{"start":{"line":57,"column":28},"end":{"line":57,"column":null}},"23":{"start":{"line":58,"column":40},"end":{"line":58,"column":null}},"24":{"start":{"line":59,"column":36},"end":{"line":59,"column":null}},"25":{"start":{"line":60,"column":44},"end":{"line":60,"column":null}},"26":{"start":{"line":61,"column":36},"end":{"line":61,"column":null}},"27":{"start":{"line":62,"column":54},"end":{"line":62,"column":null}},"28":{"start":{"line":63,"column":42},"end":{"line":63,"column":null}},"29":{"start":{"line":66,"column":2},"end":{"line":107,"column":null}},"30":{"start":{"line":67,"column":23},"end":{"line":104,"column":null}},"31":{"start":{"line":68,"column":6},"end":{"line":103,"column":null}},"32":{"start":{"line":69,"column":8},"end":{"line":69,"column":null}},"33":{"start":{"line":72,"column":34},"end":{"line":91,"column":null}},"34":{"start":{"line":93,"column":8},"end":{"line":93,"column":null}},"35":{"start":{"line":95,"column":8},"end":{"line":95,"column":null}},"36":{"start":{"line":96,"column":8},"end":{"line":100,"column":null}},"37":{"start":{"line":102,"column":8},"end":{"line":102,"column":null}},"38":{"start":{"line":106,"column":4},"end":{"line":106,"column":null}},"39":{"start":{"line":110,"column":24},"end":{"line":111,"column":null}},"40":{"start":{"line":111,"column":4},"end":{"line":111,"column":null}},"41":{"start":{"line":115,"column":24},"end":{"line":145,"column":null}},"42":{"start":{"line":116,"column":4},"end":{"line":144,"column":null}},"43":{"start":{"line":117,"column":6},"end":{"line":117,"column":null}},"44":{"start":{"line":119,"column":29},"end":{"line":123,"column":null}},"45":{"start":{"line":126,"column":6},"end":{"line":126,"column":null}},"46":{"start":{"line":129,"column":6},"end":{"line":129,"column":null}},"47":{"start":{"line":131,"column":6},"end":{"line":134,"column":null}},"48":{"start":{"line":136,"column":6},"end":{"line":136,"column":null}},"49":{"start":{"line":137,"column":6},"end":{"line":141,"column":null}},"50":{"start":{"line":143,"column":6},"end":{"line":143,"column":null}},"51":{"start":{"line":148,"column":27},"end":{"line":150,"column":null}},"52":{"start":{"line":149,"column":4},"end":{"line":149,"column":null}},"53":{"start":{"line":153,"column":27},"end":{"line":178,"column":null}},"54":{"start":{"line":154,"column":4},"end":{"line":177,"column":null}},"55":{"start":{"line":156,"column":6},"end":{"line":156,"column":null}},"56":{"start":{"line":156,"column":36},"end":{"line":156,"column":null}},"57":{"start":{"line":158,"column":6},"end":{"line":161,"column":null}},"58":{"start":{"line":164,"column":6},"end":{"line":166,"column":null}},"59":{"start":{"line":165,"column":8},"end":{"line":165,"column":null}},"60":{"start":{"line":168,"column":6},"end":{"line":168,"column":null}},"61":{"start":{"line":169,"column":6},"end":{"line":173,"column":null}},"62":{"start":{"line":175,"column":6},"end":{"line":175,"column":null}},"63":{"start":{"line":176,"column":6},"end":{"line":176,"column":null}},"64":{"start":{"line":181,"column":25},"end":{"line":203,"column":null}},"65":{"start":{"line":182,"column":4},"end":{"line":202,"column":null}},"66":{"start":{"line":184,"column":6},"end":{"line":185,"column":null}},"67":{"start":{"line":185,"column":8},"end":{"line":185,"column":null}},"68":{"start":{"line":188,"column":6},"end":{"line":191,"column":null}},"69":{"start":{"line":193,"column":6},"end":{"line":193,"column":null}},"70":{"start":{"line":194,"column":6},"end":{"line":198,"column":null}},"71":{"start":{"line":200,"column":6},"end":{"line":200,"column":null}},"72":{"start":{"line":201,"column":6},"end":{"line":201,"column":null}},"73":{"start":{"line":206,"column":21},"end":{"line":218,"column":null}},"74":{"start":{"line":207,"column":17},"end":{"line":207,"column":null}},"75":{"start":{"line":208,"column":16},"end":{"line":208,"column":null}},"76":{"start":{"line":209,"column":24},"end":{"line":209,"column":null}},"77":{"start":{"line":211,"column":4},"end":{"line":217,"column":null}},"78":{"start":{"line":212,"column":6},"end":{"line":212,"column":null}},"79":{"start":{"line":213,"column":11},"end":{"line":217,"column":null}},"80":{"start":{"line":214,"column":6},"end":{"line":214,"column":null}},"81":{"start":{"line":216,"column":6},"end":{"line":216,"column":null}},"82":{"start":{"line":221,"column":23},"end":{"line":233,"column":null}},"83":{"start":{"line":222,"column":4},"end":{"line":232,"column":null}},"84":{"start":{"line":223,"column":6},"end":{"line":223,"column":null}},"85":{"start":{"line":224,"column":6},"end":{"line":224,"column":null}},"86":{"start":{"line":226,"column":6},"end":{"line":226,"column":null}},"87":{"start":{"line":227,"column":6},"end":{"line":231,"column":null}},"88":{"start":{"line":245,"column":65},"end":{"line":245,"column":83}},"89":{"start":{"line":270,"column":35},"end":{"line":270,"column":null}},"90":{"start":{"line":282,"column":20},"end":{"line":282,"column":33}},"91":{"start":{"line":288,"column":20},"end":{"line":289,"column":null}},"92":{"start":{"line":293,"column":37},"end":{"line":293,"column":null}},"93":{"start":{"line":299,"column":30},"end":{"line":299,"column":null}},"94":{"start":{"line":300,"column":30},"end":{"line":300,"column":null}},"95":{"start":{"line":301,"column":30},"end":{"line":301,"column":null}},"96":{"start":{"line":303,"column":44},"end":{"line":303,"column":null}},"97":{"start":{"line":308,"column":47},"end":{"line":308,"column":null}},"98":{"start":{"line":334,"column":30},"end":{"line":334,"column":null}},"99":{"start":{"line":335,"column":30},"end":{"line":335,"column":null}},"100":{"start":{"line":336,"column":30},"end":{"line":336,"column":null}},"101":{"start":{"line":346,"column":30},"end":{"line":346,"column":null}},"102":{"start":{"line":347,"column":30},"end":{"line":347,"column":null}},"103":{"start":{"line":348,"column":30},"end":{"line":348,"column":null}},"104":{"start":{"line":416,"column":53},"end":{"line":416,"column":83}},"105":{"start":{"line":421,"column":29},"end":{"line":421,"column":null}}},"fnMap":{"0":{"name":"ChatSidebar","decl":{"start":{"line":49,"column":16},"end":{"line":49,"column":null}},"loc":{"start":{"line":49,"column":16},"end":{"line":430,"column":null}}},"1":{"name":"(anonymous_6)","decl":{"start":{"line":66,"column":12},"end":{"line":66,"column":null}},"loc":{"start":{"line":66,"column":12},"end":{"line":107,"column":5}}},"2":{"name":"(anonymous_7)","decl":{"start":{"line":67,"column":23},"end":{"line":67,"column":null}},"loc":{"start":{"line":67,"column":23},"end":{"line":104,"column":null}}},"3":{"name":"(anonymous_8)","decl":{"start":{"line":110,"column":37},"end":{"line":110,"column":null}},"loc":{"start":{"line":111,"column":4},"end":{"line":111,"column":null}}},"4":{"name":"(anonymous_9)","decl":{"start":{"line":115,"column":24},"end":{"line":115,"column":null}},"loc":{"start":{"line":115,"column":24},"end":{"line":145,"column":null}}},"5":{"name":"(anonymous_10)","decl":{"start":{"line":148,"column":27},"end":{"line":148,"column":28}},"loc":{"start":{"line":148,"column":28},"end":{"line":150,"column":null}}},"6":{"name":"(anonymous_11)","decl":{"start":{"line":153,"column":27},"end":{"line":153,"column":34}},"loc":{"start":{"line":153,"column":34},"end":{"line":178,"column":null}}},"7":{"name":"(anonymous_12)","decl":{"start":{"line":156,"column":28},"end":{"line":156,"column":36}},"loc":{"start":{"line":156,"column":36},"end":{"line":156,"column":null}}},"8":{"name":"(anonymous_13)","decl":{"start":{"line":181,"column":25},"end":{"line":181,"column":32}},"loc":{"start":{"line":181,"column":48},"end":{"line":203,"column":null}}},"9":{"name":"(anonymous_14)","decl":{"start":{"line":184,"column":25},"end":{"line":184,"column":null}},"loc":{"start":{"line":185,"column":8},"end":{"line":185,"column":null}}},"10":{"name":"(anonymous_15)","decl":{"start":{"line":206,"column":21},"end":{"line":206,"column":22}},"loc":{"start":{"line":206,"column":22},"end":{"line":218,"column":null}}},"11":{"name":"(anonymous_16)","decl":{"start":{"line":221,"column":23},"end":{"line":221,"column":null}},"loc":{"start":{"line":221,"column":23},"end":{"line":233,"column":null}}},"12":{"name":"(anonymous_17)","decl":{"start":{"line":245,"column":59},"end":{"line":245,"column":65}},"loc":{"start":{"line":245,"column":65},"end":{"line":245,"column":83}}},"13":{"name":"(anonymous_18)","decl":{"start":{"line":270,"column":28},"end":{"line":270,"column":29}},"loc":{"start":{"line":270,"column":35},"end":{"line":270,"column":null}}},"14":{"name":"(anonymous_19)","decl":{"start":{"line":281,"column":33},"end":{"line":281,"column":34}},"loc":{"start":{"line":282,"column":20},"end":{"line":282,"column":33}}},"15":{"name":"(anonymous_20)","decl":{"start":{"line":287,"column":37},"end":{"line":287,"column":38}},"loc":{"start":{"line":288,"column":20},"end":{"line":289,"column":null}}},"16":{"name":"(anonymous_21)","decl":{"start":{"line":293,"column":31},"end":{"line":293,"column":37}},"loc":{"start":{"line":293,"column":37},"end":{"line":293,"column":null}}},"17":{"name":"(anonymous_22)","decl":{"start":{"line":298,"column":38},"end":{"line":298,"column":39}},"loc":{"start":{"line":298,"column":39},"end":{"line":302,"column":null}}},"18":{"name":"(anonymous_23)","decl":{"start":{"line":303,"column":37},"end":{"line":303,"column":38}},"loc":{"start":{"line":303,"column":44},"end":{"line":303,"column":null}}},"19":{"name":"(anonymous_24)","decl":{"start":{"line":308,"column":40},"end":{"line":308,"column":41}},"loc":{"start":{"line":308,"column":47},"end":{"line":308,"column":null}}},"20":{"name":"(anonymous_25)","decl":{"start":{"line":333,"column":37},"end":{"line":333,"column":38}},"loc":{"start":{"line":333,"column":38},"end":{"line":337,"column":null}}},"21":{"name":"(anonymous_26)","decl":{"start":{"line":345,"column":37},"end":{"line":345,"column":38}},"loc":{"start":{"line":345,"column":38},"end":{"line":349,"column":null}}},"22":{"name":"(anonymous_27)","decl":{"start":{"line":416,"column":47},"end":{"line":416,"column":53}},"loc":{"start":{"line":416,"column":53},"end":{"line":416,"column":83}}},"23":{"name":"(anonymous_28)","decl":{"start":{"line":421,"column":23},"end":{"line":421,"column":29}},"loc":{"start":{"line":421,"column":29},"end":{"line":421,"column":null}}}},"branchMap":{"0":{"loc":{"start":{"line":164,"column":6},"end":{"line":166,"column":null}},"type":"if","locations":[{"start":{"line":164,"column":6},"end":{"line":166,"column":null}}]},"1":{"loc":{"start":{"line":185,"column":8},"end":{"line":185,"column":null}},"type":"cond-expr","locations":[{"start":{"line":185,"column":29},"end":{"line":185,"column":60}},{"start":{"line":185,"column":60},"end":{"line":185,"column":null}}]},"2":{"loc":{"start":{"line":211,"column":4},"end":{"line":217,"column":null}},"type":"if","locations":[{"start":{"line":211,"column":4},"end":{"line":217,"column":null}},{"start":{"line":213,"column":11},"end":{"line":217,"column":null}}]},"3":{"loc":{"start":{"line":213,"column":11},"end":{"line":217,"column":null}},"type":"if","locations":[{"start":{"line":213,"column":11},"end":{"line":217,"column":null}},{"start":{"line":215,"column":11},"end":{"line":217,"column":null}}]},"4":{"loc":{"start":{"line":236,"column":129},"end":{"line":236,"column":154}},"type":"cond-expr","locations":[{"start":{"line":236,"column":138},"end":{"line":236,"column":147}},{"start":{"line":236,"column":147},"end":{"line":236,"column":154}}]},"5":{"loc":{"start":{"line":237,"column":7},"end":{"line":237,"column":null}},"type":"binary-expr","locations":[{"start":{"line":237,"column":7},"end":{"line":237,"column":null}}]},"6":{"loc":{"start":{"line":280,"column":16},"end":{"line":285,"column":32}},"type":"cond-expr","locations":[{"start":{"line":280,"column":16},"end":{"line":285,"column":32}}]},"7":{"loc":{"start":{"line":286,"column":16},"end":{"line":363,"column":17}},"type":"cond-expr","locations":[{"start":{"line":286,"column":16},"end":{"line":363,"column":17}}]},"8":{"loc":{"start":{"line":291,"column":24},"end":{"line":291,"column":null}},"type":"cond-expr","locations":[{"start":{"line":291,"column":58},"end":{"line":291,"column":72}},{"start":{"line":291,"column":72},"end":{"line":291,"column":null}}]},"9":{"loc":{"start":{"line":297,"column":26},"end":{"line":317,"column":null}},"type":"cond-expr","locations":[{"start":{"line":297,"column":26},"end":{"line":317,"column":null}}]},"10":{"loc":{"start":{"line":327,"column":23},"end":{"line":327,"column":48}},"type":"binary-expr","locations":[{"start":{"line":327,"column":23},"end":{"line":327,"column":48}}]},"11":{"loc":{"start":{"line":366,"column":19},"end":{"line":366,"column":null}},"type":"binary-expr","locations":[{"start":{"line":366,"column":19},"end":{"line":366,"column":null}}]},"12":{"loc":{"start":{"line":381,"column":67},"end":{"line":381,"column":null}},"type":"binary-expr","locations":[{"start":{"line":381,"column":67},"end":{"line":381,"column":81}},{"start":{"line":381,"column":81},"end":{"line":381,"column":null}}]},"13":{"loc":{"start":{"line":382,"column":39},"end":{"line":382,"column":null}},"type":"binary-expr","locations":[{"start":{"line":382,"column":39},"end":{"line":382,"column":64}},{"start":{"line":382,"column":64},"end":{"line":382,"column":null}}]},"14":{"loc":{"start":{"line":384,"column":48},"end":{"line":384,"column":null}},"type":"binary-expr","locations":[{"start":{"line":384,"column":48},"end":{"line":384,"column":62}},{"start":{"line":384,"column":62},"end":{"line":384,"column":null}}]},"15":{"loc":{"start":{"line":421,"column":29},"end":{"line":421,"column":null}},"type":"binary-expr","locations":[{"start":{"line":421,"column":29},"end":{"line":421,"column":45}},{"start":{"line":421,"column":45},"end":{"line":421,"column":null}}]}},"s":{"0":0,"1":0,"2":0,"3":0,"4":0,"5":0,"6":0,"7":0,"8":0,"9":0,"10":0,"11":0,"12":0,"13":0,"14":0,"15":0,"16":0,"17":0,"18":0,"19":0,"20":0,"21":0,"22":0,"23":0,"24":0,"25":0,"26":0,"27":0,"28":0,"29":0,"30":0,"31":0,"32":0,"33":0,"34":0,"35":0,"36":0,"37":0,"38":0,"39":0,"40":0,"41":0,"42":0,"43":0,"44":0,"45":0,"46":0,"47":0,"48":0,"49":0,"50":0,"51":0,"52":0,"53":0,"54":0,"55":0,"56":0,"57":0,"58":0,"59":0,"60":0,"61":0,"62":0,"63":0,"64":0,"65":0,"66":0,"67":0,"68":0,"69":0,"70":0,"71":0,"72":0,"73":0,"74":0,"75":0,"76":0,"77":0,"78":0,"79":0,"80":0,"81":0,"82":0,"83":0,"84":0,"85":0,"86":0,"87":0,"88":0,"89":0,"90":0,"91":0,"92":0,"93":0,"94":0,"95":0,"96":0,"97":0,"98":0,"99":0,"100":0,"101":0,"102":0,"103":0,"104":0,"105":0},"f":{"0":0,"1":0,"2":0,"3":0,"4":0,"5":0,"6":0,"7":0,"8":0,"9":0,"10":0,"11":0,"12":0,"13":0,"14":0,"15":0,"16":0,"17":0,"18":0,"19":0,"20":0,"21":0,"22":0,"23":0},"b":{"0":[0],"1":[0,0],"2":[0,0],"3":[0,0],"4":[0,0],"5":[0],"6":[0],"7":[0],"8":[0,0],"9":[0],"10":[0],"11":[0],"12":[0,0],"13":[0,0],"14":[0,0],"15":[0,0]}}
,"C:\\Users\\ivatu\\Documents\\sales ai\\components\\chat\\error-message.tsx": {"path":"C:\\Users\\ivatu\\Documents\\sales ai\\components\\chat\\error-message.tsx","statementMap":{"0":{"start":{"line":10,"column":16},"end":{"line":10,"column":29}},"1":{"start":{"line":1,"column":28},"end":{"line":1,"column":null}},"2":{"start":{"line":2,"column":19},"end":{"line":2,"column":null}}},"fnMap":{"0":{"name":"ErrorMessage","decl":{"start":{"line":10,"column":16},"end":{"line":10,"column":29}},"loc":{"start":{"line":10,"column":79},"end":{"line":32,"column":null}}}},"branchMap":{"0":{"loc":{"start":{"line":21,"column":9},"end":{"line":21,"column":null}},"type":"binary-expr","locations":[{"start":{"line":21,"column":9},"end":{"line":21,"column":null}}]}},"s":{"0":0,"1":0,"2":0},"f":{"0":0},"b":{"0":[0]}}
,"C:\\Users\\ivatu\\Documents\\sales ai\\components\\chat\\file-upload.tsx": {"path":"C:\\Users\\ivatu\\Documents\\sales ai\\components\\chat\\file-upload.tsx","statementMap":{"0":{"start":{"line":16,"column":16},"end":{"line":16,"column":27}},"1":{"start":{"line":1,"column":46},"end":{"line":1,"column":null}},"2":{"start":{"line":2,"column":51},"end":{"line":2,"column":null}},"3":{"start":{"line":3,"column":23},"end":{"line":3,"column":null}},"4":{"start":{"line":4,"column":25},"end":{"line":4,"column":null}},"5":{"start":{"line":5,"column":19},"end":{"line":5,"column":null}},"6":{"start":{"line":24,"column":23},"end":{"line":24,"column":null}},"7":{"start":{"line":25,"column":38},"end":{"line":25,"column":null}},"8":{"start":{"line":27,"column":21},"end":{"line":35,"column":null}},"9":{"start":{"line":28,"column":4},"end":{"line":28,"column":null}},"10":{"start":{"line":29,"column":4},"end":{"line":29,"column":null}},"11":{"start":{"line":30,"column":4},"end":{"line":34,"column":null}},"12":{"start":{"line":31,"column":6},"end":{"line":31,"column":null}},"13":{"start":{"line":32,"column":11},"end":{"line":34,"column":null}},"14":{"start":{"line":33,"column":6},"end":{"line":33,"column":null}},"15":{"start":{"line":37,"column":21},"end":{"line":45,"column":null}},"16":{"start":{"line":38,"column":4},"end":{"line":38,"column":null}},"17":{"start":{"line":39,"column":4},"end":{"line":39,"column":null}},"18":{"start":{"line":40,"column":4},"end":{"line":40,"column":null}},"19":{"start":{"line":42,"column":4},"end":{"line":44,"column":null}},"20":{"start":{"line":43,"column":6},"end":{"line":43,"column":null}},"21":{"start":{"line":47,"column":27},"end":{"line":51,"column":null}},"22":{"start":{"line":48,"column":4},"end":{"line":50,"column":null}},"23":{"start":{"line":49,"column":6},"end":{"line":49,"column":null}},"24":{"start":{"line":53,"column":22},"end":{"line":97,"column":null}},"25":{"start":{"line":54,"column":23},"end":{"line":58,"column":null}},"26":{"start":{"line":61,"column":24},"end":{"line":65,"column":null}},"27":{"start":{"line":67,"column":4},"end":{"line":71,"column":null}},"28":{"start":{"line":68,"column":6},"end":{"line":68,"column":null}},"29":{"start":{"line":69,"column":6},"end":{"line":69,"column":null}},"30":{"start":{"line":70,"column":6},"end":{"line":70,"column":null}},"31":{"start":{"line":74,"column":20},"end":{"line":74,"column":38}},"32":{"start":{"line":75,"column":4},"end":{"line":79,"column":null}},"33":{"start":{"line":76,"column":6},"end":{"line":76,"column":null}},"34":{"start":{"line":77,"column":6},"end":{"line":77,"column":null}},"35":{"start":{"line":78,"column":6},"end":{"line":78,"column":null}},"36":{"start":{"line":82,"column":4},"end":{"line":89,"column":null}},"37":{"start":{"line":84,"column":6},"end":{"line":88,"column":null}},"38":{"start":{"line":85,"column":8},"end":{"line":85,"column":null}},"39":{"start":{"line":86,"column":8},"end":{"line":86,"column":null}},"40":{"start":{"line":87,"column":8},"end":{"line":87,"column":null}},"41":{"start":{"line":91,"column":4},"end":{"line":96,"column":null}},"42":{"start":{"line":92,"column":6},"end":{"line":92,"column":null}},"43":{"start":{"line":94,"column":6},"end":{"line":94,"column":null}},"44":{"start":{"line":95,"column":6},"end":{"line":95,"column":null}},"45":{"start":{"line":99,"column":27},"end":{"line":104,"column":null}},"46":{"start":{"line":100,"column":4},"end":{"line":102,"column":null}},"47":{"start":{"line":101,"column":6},"end":{"line":101,"column":14}},"48":{"start":{"line":103,"column":4},"end":{"line":103,"column":null}},"49":{"start":{"line":106,"column":22},"end":{"line":110,"column":null}}},"fnMap":{"0":{"name":"FileUpload","decl":{"start":{"line":16,"column":16},"end":{"line":16,"column":27}},"loc":{"start":{"line":23,"column":18},"end":{"line":163,"column":null}}},"1":{"name":"(anonymous_2)","decl":{"start":{"line":27,"column":21},"end":{"line":27,"column":22}},"loc":{"start":{"line":27,"column":22},"end":{"line":35,"column":null}}},"2":{"name":"(anonymous_3)","decl":{"start":{"line":37,"column":21},"end":{"line":37,"column":22}},"loc":{"start":{"line":37,"column":22},"end":{"line":45,"column":null}}},"3":{"name":"(anonymous_4)","decl":{"start":{"line":47,"column":27},"end":{"line":47,"column":28}},"loc":{"start":{"line":47,"column":28},"end":{"line":51,"column":null}}},"4":{"name":"(anonymous_5)","decl":{"start":{"line":53,"column":22},"end":{"line":53,"column":23}},"loc":{"start":{"line":53,"column":23},"end":{"line":97,"column":null}}},"5":{"name":"(anonymous_6)","decl":{"start":{"line":99,"column":27},"end":{"line":99,"column":null}},"loc":{"start":{"line":99,"column":27},"end":{"line":104,"column":null}}},"6":{"name":"(anonymous_7)","decl":{"start":{"line":106,"column":22},"end":{"line":106,"column":23}},"loc":{"start":{"line":106,"column":23},"end":{"line":110,"column":null}}}},"branchMap":{"0":{"loc":{"start":{"line":30,"column":4},"end":{"line":34,"column":null}},"type":"if","locations":[{"start":{"line":30,"column":4},"end":{"line":34,"column":null}},{"start":{"line":32,"column":11},"end":{"line":34,"column":null}}]},"1":{"loc":{"start":{"line":30,"column":8},"end":{"line":30,"column":57}},"type":"binary-expr","locations":[{"start":{"line":30,"column":8},"end":{"line":30,"column":34}},{"start":{"line":30,"column":34},"end":{"line":30,"column":57}}]},"2":{"loc":{"start":{"line":32,"column":11},"end":{"line":34,"column":null}},"type":"if","locations":[{"start":{"line":32,"column":11},"end":{"line":34,"column":null}}]},"3":{"loc":{"start":{"line":42,"column":4},"end":{"line":44,"column":null}},"type":"if","locations":[{"start":{"line":42,"column":4},"end":{"line":44,"column":null}}]},"4":{"loc":{"start":{"line":42,"column":8},"end":{"line":42,"column":55}},"type":"binary-expr","locations":[{"start":{"line":42,"column":8},"end":{"line":42,"column":28}},{"start":{"line":42,"column":32},"end":{"line":42,"column":55}}]},"5":{"loc":{"start":{"line":48,"column":4},"end":{"line":50,"column":null}},"type":"if","locations":[{"start":{"line":48,"column":4},"end":{"line":50,"column":null}}]},"6":{"loc":{"start":{"line":48,"column":8},"end":{"line":48,"column":43}},"type":"binary-expr","locations":[{"start":{"line":48,"column":8},"end":{"line":48,"column":22}},{"start":{"line":48,"column":26},"end":{"line":48,"column":43}}]},"7":{"loc":{"start":{"line":67,"column":4},"end":{"line":71,"column":null}},"type":"if","locations":[{"start":{"line":67,"column":4},"end":{"line":71,"column":null}}]},"8":{"loc":{"start":{"line":75,"column":4},"end":{"line":79,"column":null}},"type":"if","locations":[{"start":{"line":75,"column":4},"end":{"line":79,"column":null}}]},"9":{"loc":{"start":{"line":82,"column":4},"end":{"line":89,"column":null}},"type":"if","locations":[{"start":{"line":82,"column":4},"end":{"line":89,"column":null}}]},"10":{"loc":{"start":{"line":84,"column":6},"end":{"line":88,"column":null}},"type":"if","locations":[{"start":{"line":84,"column":6},"end":{"line":88,"column":null}}]},"11":{"loc":{"start":{"line":84,"column":10},"end":{"line":84,"column":89}},"type":"binary-expr","locations":[{"start":{"line":84,"column":10},"end":{"line":84,"column":37}},{"start":{"line":84,"column":37},"end":{"line":84,"column":64}},{"start":{"line":84,"column":64},"end":{"line":84,"column":89}}]},"12":{"loc":{"start":{"line":100,"column":4},"end":{"line":102,"column":null}},"type":"if","locations":[{"start":{"line":100,"column":4},"end":{"line":102,"column":null}}]},"13":{"loc":{"start":{"line":122,"column":7},"end":{"line":122,"column":24}},"type":"binary-expr","locations":[{"start":{"line":122,"column":7},"end":{"line":122,"column":24}},{"start":{"line":122,"column":24},"end":{"line":122,"column":null}}]},"14":{"loc":{"start":{"line":126,"column":12},"end":{"line":128,"column":null}},"type":"cond-expr","locations":[{"start":{"line":127,"column":16},"end":{"line":127,"column":null}},{"start":{"line":128,"column":16},"end":{"line":128,"column":null}}]},"15":{"loc":{"start":{"line":143,"column":7},"end":{"line":143,"column":null}},"type":"binary-expr","locations":[{"start":{"line":143,"column":7},"end":{"line":143,"column":null}}]},"16":{"loc":{"start":{"line":148,"column":12},"end":{"line":150,"column":13}},"type":"cond-expr","locations":[{"start":{"line":148,"column":12},"end":{"line":150,"column":13}}]}},"s":{"0":0,"1":0,"2":0,"3":0,"4":0,"5":0,"6":0,"7":0,"8":0,"9":0,"10":0,"11":0,"12":0,"13":0,"14":0,"15":0,"16":0,"17":0,"18":0,"19":0,"20":0,"21":0,"22":0,"23":0,"24":0,"25":0,"26":0,"27":0,"28":0,"29":0,"30":0,"31":0,"32":0,"33":0,"34":0,"35":0,"36":0,"37":0,"38":0,"39":0,"40":0,"41":0,"42":0,"43":0,"44":0,"45":0,"46":0,"47":0,"48":0,"49":0},"f":{"0":0,"1":0,"2":0,"3":0,"4":0,"5":0,"6":0},"b":{"0":[0,0],"1":[0,0],"2":[0],"3":[0],"4":[0,0],"5":[0],"6":[0,0],"7":[0],"8":[0],"9":[0],"10":[0],"11":[0,0,0],"12":[0],"13":[0,0],"14":[0,0],"15":[0],"16":[0]}}
,"C:\\Users\\ivatu\\Documents\\sales ai\\components\\chat\\loading-spinner.tsx": {"path":"C:\\Users\\ivatu\\Documents\\sales ai\\components\\chat\\loading-spinner.tsx","statementMap":{"0":{"start":{"line":9,"column":16},"end":{"line":9,"column":31}},"1":{"start":{"line":1,"column":19},"end":{"line":1,"column":null}},"2":{"start":{"line":10,"column":22},"end":{"line":14,"column":null}}},"fnMap":{"0":{"name":"LoadingSpinner","decl":{"start":{"line":9,"column":16},"end":{"line":9,"column":31}},"loc":{"start":{"line":9,"column":84},"end":{"line":27,"column":null}}}},"branchMap":{"0":{"loc":{"start":{"line":9,"column":44},"end":{"line":9,"column":55}},"type":"default-arg","locations":[{"start":{"line":9,"column":51},"end":{"line":9,"column":55}}]},"1":{"loc":{"start":{"line":24,"column":7},"end":{"line":24,"column":15}},"type":"binary-expr","locations":[{"start":{"line":24,"column":7},"end":{"line":24,"column":15}}]}},"s":{"0":0,"1":0,"2":0},"f":{"0":0},"b":{"0":[0],"1":[0]}}
,"C:\\Users\\ivatu\\Documents\\sales ai\\components\\chat\\markdown-message.tsx": {"path":"C:\\Users\\ivatu\\Documents\\sales ai\\components\\chat\\markdown-message.tsx","statementMap":{"0":{"start":{"line":22,"column":16},"end":{"line":22,"column":32}},"1":{"start":{"line":1,"column":26},"end":{"line":1,"column":null}},"2":{"start":{"line":2,"column":22},"end":{"line":2,"column":null}},"3":{"start":{"line":3,"column":19},"end":{"line":3,"column":null}},"4":{"start":{"line":4,"column":36},"end":{"line":4,"column":null}}},"fnMap":{"0":{"name":"MarkdownMessage","decl":{"start":{"line":22,"column":16},"end":{"line":22,"column":32}},"loc":{"start":{"line":22,"column":125},"end":{"line":145,"column":null}}}},"branchMap":{"0":{"loc":{"start":{"line":25,"column":7},"end":{"line":25,"column":null}},"type":"binary-expr","locations":[{"start":{"line":25,"column":7},"end":{"line":25,"column":null}}]}},"s":{"0":0,"1":0,"2":0,"3":0,"4":0},"f":{"0":0},"b":{"0":[0]}}
,"C:\\Users\\ivatu\\Documents\\sales ai\\components\\chat\\message-actions.tsx": {"path":"C:\\Users\\ivatu\\Documents\\sales ai\\components\\chat\\message-actions.tsx","statementMap":{"0":{"start":{"line":44,"column":16},"end":{"line":44,"column":31}},"1":{"start":{"line":3,"column":32},"end":{"line":3,"column":null}},"2":{"start":{"line":4,"column":23},"end":{"line":4,"column":null}},"3":{"start":{"line":12,"column":7},"end":{"line":12,"column":null}},"4":{"start":{"line":13,"column":19},"end":{"line":13,"column":null}},"5":{"start":{"line":20,"column":7},"end":{"line":20,"column":null}},"6":{"start":{"line":21,"column":36},"end":{"line":21,"column":null}},"7":{"start":{"line":22,"column":32},"end":{"line":22,"column":null}},"8":{"start":{"line":55,"column":30},"end":{"line":55,"column":null}},"9":{"start":{"line":56,"column":28},"end":{"line":56,"column":null}},"10":{"start":{"line":57,"column":34},"end":{"line":57,"column":null}},"11":{"start":{"line":58,"column":54},"end":{"line":58,"column":null}},"12":{"start":{"line":60,"column":21},"end":{"line":64,"column":null}},"13":{"start":{"line":61,"column":4},"end":{"line":61,"column":null}},"14":{"start":{"line":62,"column":4},"end":{"line":62,"column":null}},"15":{"start":{"line":63,"column":4},"end":{"line":63,"column":null}},"16":{"start":{"line":63,"column":21},"end":{"line":63,"column":39}},"17":{"start":{"line":66,"column":21},"end":{"line":70,"column":null}},"18":{"start":{"line":67,"column":4},"end":{"line":67,"column":null}},"19":{"start":{"line":67,"column":16},"end":{"line":67,"column":null}},"20":{"start":{"line":68,"column":4},"end":{"line":68,"column":null}},"21":{"start":{"line":69,"column":4},"end":{"line":69,"column":null}},"22":{"start":{"line":72,"column":24},"end":{"line":76,"column":null}},"23":{"start":{"line":73,"column":4},"end":{"line":73,"column":null}},"24":{"start":{"line":73,"column":19},"end":{"line":73,"column":null}},"25":{"start":{"line":74,"column":4},"end":{"line":74,"column":null}},"26":{"start":{"line":75,"column":4},"end":{"line":75,"column":null}},"27":{"start":{"line":78,"column":29},"end":{"line":81,"column":null}},"28":{"start":{"line":79,"column":4},"end":{"line":79,"column":null}},"29":{"start":{"line":79,"column":24},"end":{"line":79,"column":null}},"30":{"start":{"line":80,"column":4},"end":{"line":80,"column":null}}},"fnMap":{"0":{"name":"MessageActions","decl":{"start":{"line":44,"column":16},"end":{"line":44,"column":31}},"loc":{"start":{"line":54,"column":22},"end":{"line":166,"column":null}}},"1":{"name":"(anonymous_5)","decl":{"start":{"line":60,"column":21},"end":{"line":60,"column":null}},"loc":{"start":{"line":60,"column":21},"end":{"line":64,"column":null}}},"2":{"name":"(anonymous_6)","decl":{"start":{"line":63,"column":15},"end":{"line":63,"column":21}},"loc":{"start":{"line":63,"column":21},"end":{"line":63,"column":39}}},"3":{"name":"(anonymous_7)","decl":{"start":{"line":66,"column":21},"end":{"line":66,"column":null}},"loc":{"start":{"line":66,"column":21},"end":{"line":70,"column":null}}},"4":{"name":"(anonymous_8)","decl":{"start":{"line":72,"column":24},"end":{"line":72,"column":null}},"loc":{"start":{"line":72,"column":24},"end":{"line":76,"column":null}}},"5":{"name":"(anonymous_9)","decl":{"start":{"line":78,"column":29},"end":{"line":78,"column":null}},"loc":{"start":{"line":78,"column":29},"end":{"line":81,"column":null}}}},"branchMap":{"0":{"loc":{"start":{"line":67,"column":4},"end":{"line":67,"column":null}},"type":"if","locations":[{"start":{"line":67,"column":4},"end":{"line":67,"column":null}}]},"1":{"loc":{"start":{"line":73,"column":4},"end":{"line":73,"column":null}},"type":"if","locations":[{"start":{"line":73,"column":4},"end":{"line":73,"column":null}}]},"2":{"loc":{"start":{"line":79,"column":4},"end":{"line":79,"column":null}},"type":"if","locations":[{"start":{"line":79,"column":4},"end":{"line":79,"column":null}}]},"3":{"loc":{"start":{"line":89,"column":9},"end":{"line":89,"column":24}},"type":"binary-expr","locations":[{"start":{"line":89,"column":9},"end":{"line":89,"column":24}},{"start":{"line":89,"column":24},"end":{"line":89,"column":null}}]},"4":{"loc":{"start":{"line":106,"column":12},"end":{"line":106,"column":null}},"type":"cond-expr","locations":[{"start":{"line":106,"column":20},"end":{"line":106,"column":93}},{"start":{"line":106,"column":93},"end":{"line":106,"column":null}}]},"5":{"loc":{"start":{"line":119,"column":12},"end":{"line":119,"column":null}},"type":"cond-expr","locations":[{"start":{"line":119,"column":23},"end":{"line":119,"column":88}},{"start":{"line":119,"column":88},"end":{"line":119,"column":null}}]},"6":{"loc":{"start":{"line":132,"column":12},"end":{"line":132,"column":null}},"type":"cond-expr","locations":[{"start":{"line":132,"column":21},"end":{"line":132,"column":94}},{"start":{"line":132,"column":94},"end":{"line":132,"column":null}}]},"7":{"loc":{"start":{"line":137,"column":20},"end":{"line":137,"column":62}},"type":"cond-expr","locations":[{"start":{"line":137,"column":20},"end":{"line":137,"column":62}}]},"8":{"loc":{"start":{"line":147,"column":41},"end":{"line":148,"column":null}},"type":"cond-expr","locations":[{"start":{"line":147,"column":70},"end":{"line":147,"column":null}},{"start":{"line":148,"column":40},"end":{"line":148,"column":null}}]},"9":{"loc":{"start":{"line":148,"column":40},"end":{"line":148,"column":null}},"type":"cond-expr","locations":[{"start":{"line":148,"column":69},"end":{"line":148,"column":89}},{"start":{"line":148,"column":89},"end":{"line":148,"column":null}}]},"10":{"loc":{"start":{"line":153,"column":13},"end":{"line":153,"column":null}},"type":"binary-expr","locations":[{"start":{"line":153,"column":13},"end":{"line":153,"column":null}}]}},"s":{"0":0,"1":0,"2":0,"3":0,"4":0,"5":0,"6":0,"7":0,"8":0,"9":0,"10":0,"11":0,"12":0,"13":0,"14":0,"15":0,"16":0,"17":0,"18":0,"19":0,"20":0,"21":0,"22":0,"23":0,"24":0,"25":0,"26":0,"27":0,"28":0,"29":0,"30":0},"f":{"0":0,"1":0,"2":0,"3":0,"4":0,"5":0},"b":{"0":[0],"1":[0],"2":[0],"3":[0,0],"4":[0,0],"5":[0,0],"6":[0,0],"7":[0],"8":[0,0],"9":[0,0],"10":[0]}}
,"C:\\Users\\ivatu\\Documents\\sales ai\\components\\chat\\performance-analysis.tsx": {"path":"C:\\Users\\ivatu\\Documents\\sales ai\\components\\chat\\performance-analysis.tsx","statementMap":{"0":{"start":{"line":29,"column":16},"end":{"line":29,"column":36}},"1":{"start":{"line":3,"column":18},"end":{"line":3,"column":null}},"2":{"start":{"line":4,"column":34},"end":{"line":4,"column":null}},"3":{"start":{"line":5,"column":25},"end":{"line":5,"column":null}},"4":{"start":{"line":6,"column":57},"end":{"line":6,"column":null}},"5":{"start":{"line":7,"column":75},"end":{"line":7,"column":null}},"6":{"start":{"line":8,"column":19},"end":{"line":8,"column":null}},"7":{"start":{"line":9,"column":32},"end":{"line":9,"column":null}},"8":{"start":{"line":36,"column":38},"end":{"line":36,"column":null}},"9":{"start":{"line":37,"column":61},"end":{"line":37,"column":null}},"10":{"start":{"line":40,"column":24},"end":{"line":44,"column":null}},"11":{"start":{"line":41,"column":4},"end":{"line":41,"column":null}},"12":{"start":{"line":41,"column":21},"end":{"line":41,"column":null}},"13":{"start":{"line":42,"column":4},"end":{"line":42,"column":null}},"14":{"start":{"line":42,"column":21},"end":{"line":42,"column":null}},"15":{"start":{"line":43,"column":4},"end":{"line":43,"column":null}},"16":{"start":{"line":47,"column":27},"end":{"line":51,"column":null}},"17":{"start":{"line":48,"column":4},"end":{"line":48,"column":null}},"18":{"start":{"line":48,"column":21},"end":{"line":48,"column":null}},"19":{"start":{"line":49,"column":4},"end":{"line":49,"column":null}},"20":{"start":{"line":49,"column":21},"end":{"line":49,"column":null}},"21":{"start":{"line":50,"column":4},"end":{"line":50,"column":null}},"22":{"start":{"line":74,"column":27},"end":{"line":74,"column":null}},"23":{"start":{"line":108,"column":18},"end":{"line":108,"column":35}},"24":{"start":{"line":128,"column":20},"end":{"line":128,"column":36}},"25":{"start":{"line":140,"column":20},"end":{"line":140,"column":36}}},"fnMap":{"0":{"name":"PerformanceAnalysis","decl":{"start":{"line":29,"column":16},"end":{"line":29,"column":36}},"loc":{"start":{"line":35,"column":27},"end":{"line":153,"column":null}}},"1":{"name":"(anonymous_3)","decl":{"start":{"line":40,"column":24},"end":{"line":40,"column":25}},"loc":{"start":{"line":40,"column":25},"end":{"line":44,"column":null}}},"2":{"name":"(anonymous_4)","decl":{"start":{"line":47,"column":27},"end":{"line":47,"column":28}},"loc":{"start":{"line":47,"column":28},"end":{"line":51,"column":null}}},"3":{"name":"(anonymous_5)","decl":{"start":{"line":74,"column":21},"end":{"line":74,"column":27}},"loc":{"start":{"line":74,"column":27},"end":{"line":74,"column":null}}},"4":{"name":"(anonymous_6)","decl":{"start":{"line":107,"column":29},"end":{"line":107,"column":30}},"loc":{"start":{"line":108,"column":18},"end":{"line":108,"column":35}}},"5":{"name":"(anonymous_7)","decl":{"start":{"line":127,"column":33},"end":{"line":127,"column":34}},"loc":{"start":{"line":128,"column":20},"end":{"line":128,"column":36}}},"6":{"name":"(anonymous_8)","decl":{"start":{"line":139,"column":36},"end":{"line":139,"column":37}},"loc":{"start":{"line":140,"column":20},"end":{"line":140,"column":36}}}},"branchMap":{"0":{"loc":{"start":{"line":33,"column":2},"end":{"line":33,"column":18}},"type":"default-arg","locations":[{"start":{"line":33,"column":13},"end":{"line":33,"column":18}}]},"1":{"loc":{"start":{"line":41,"column":4},"end":{"line":41,"column":null}},"type":"if","locations":[{"start":{"line":41,"column":4},"end":{"line":41,"column":null}}]},"2":{"loc":{"start":{"line":42,"column":4},"end":{"line":42,"column":null}},"type":"if","locations":[{"start":{"line":42,"column":4},"end":{"line":42,"column":null}}]},"3":{"loc":{"start":{"line":48,"column":4},"end":{"line":48,"column":null}},"type":"if","locations":[{"start":{"line":48,"column":4},"end":{"line":48,"column":null}}]},"4":{"loc":{"start":{"line":49,"column":4},"end":{"line":49,"column":null}},"type":"if","locations":[{"start":{"line":49,"column":4},"end":{"line":49,"column":null}}]},"5":{"loc":{"start":{"line":56,"column":6},"end":{"line":56,"column":null}},"type":"cond-expr","locations":[{"start":{"line":56,"column":19},"end":{"line":56,"column":33}},{"start":{"line":56,"column":33},"end":{"line":56,"column":null}}]},"6":{"loc":{"start":{"line":66,"column":13},"end":{"line":66,"column":null}},"type":"binary-expr","locations":[{"start":{"line":66,"column":13},"end":{"line":66,"column":null}}]},"7":{"loc":{"start":{"line":68,"column":17},"end":{"line":69,"column":71}},"type":"cond-expr","locations":[{"start":{"line":68,"column":40},"end":{"line":68,"column":null}},{"start":{"line":69,"column":17},"end":{"line":69,"column":71}}]},"8":{"loc":{"start":{"line":69,"column":17},"end":{"line":69,"column":71}},"type":"cond-expr","locations":[{"start":{"line":69,"column":40},"end":{"line":69,"column":60}},{"start":{"line":69,"column":60},"end":{"line":69,"column":71}}]},"9":{"loc":{"start":{"line":76,"column":24},"end":{"line":76,"column":null}},"type":"cond-expr","locations":[{"start":{"line":76,"column":37},"end":{"line":76,"column":50}},{"start":{"line":76,"column":50},"end":{"line":76,"column":null}}]},"10":{"loc":{"start":{"line":78,"column":26},"end":{"line":78,"column":53}},"type":"cond-expr","locations":[{"start":{"line":78,"column":26},"end":{"line":78,"column":53}}]},"11":{"loc":{"start":{"line":96,"column":9},"end":{"line":96,"column":null}},"type":"binary-expr","locations":[{"start":{"line":96,"column":9},"end":{"line":96,"column":null}}]}},"s":{"0":0,"1":0,"2":0,"3":0,"4":0,"5":0,"6":0,"7":0,"8":0,"9":0,"10":0,"11":0,"12":0,"13":0,"14":0,"15":0,"16":0,"17":0,"18":0,"19":0,"20":0,"21":0,"22":0,"23":0,"24":0,"25":0},"f":{"0":0,"1":0,"2":0,"3":0,"4":0,"5":0,"6":0},"b":{"0":[0],"1":[0],"2":[0],"3":[0],"4":[0],"5":[0,0],"6":[0],"7":[0,0],"8":[0,0],"9":[0,0],"10":[0],"11":[0]}}
,"C:\\Users\\ivatu\\Documents\\sales ai\\components\\chat\\suggested-prompts.tsx": {"path":"C:\\Users\\ivatu\\Documents\\sales ai\\components\\chat\\suggested-prompts.tsx","statementMap":{"0":{"start":{"line":13,"column":16},"end":{"line":13,"column":33}},"1":{"start":{"line":3,"column":18},"end":{"line":3,"column":null}},"2":{"start":{"line":4,"column":55},"end":{"line":4,"column":null}},"3":{"start":{"line":5,"column":31},"end":{"line":5,"column":null}},"4":{"start":{"line":6,"column":28},"end":{"line":6,"column":null}},"5":{"start":{"line":7,"column":73},"end":{"line":7,"column":null}},"6":{"start":{"line":14,"column":27},"end":{"line":19,"column":null}},"7":{"start":{"line":26,"column":12},"end":{"line":27,"column":null}},"8":{"start":{"line":39,"column":22},"end":{"line":39,"column":null}}},"fnMap":{"0":{"name":"SuggestedPrompts","decl":{"start":{"line":13,"column":16},"end":{"line":13,"column":33}},"loc":{"start":{"line":13,"column":74},"end":{"line":55,"column":null}}},"1":{"name":"(anonymous_3)","decl":{"start":{"line":25,"column":32},"end":{"line":25,"column":33}},"loc":{"start":{"line":26,"column":12},"end":{"line":27,"column":null}}},"2":{"name":"(anonymous_4)","decl":{"start":{"line":38,"column":29},"end":{"line":38,"column":null}},"loc":{"start":{"line":38,"column":29},"end":{"line":40,"column":null}}}},"branchMap":{"0":{"loc":{"start":{"line":36,"column":52},"end":{"line":36,"column":105}},"type":"cond-expr","locations":[{"start":{"line":36,"column":78},"end":{"line":36,"column":92}},{"start":{"line":36,"column":92},"end":{"line":36,"column":105}}]}},"s":{"0":0,"1":0,"2":0,"3":0,"4":0,"5":0,"6":0,"7":0,"8":0},"f":{"0":0,"1":0,"2":0},"b":{"0":[0,0]}}
,"C:\\Users\\ivatu\\Documents\\sales ai\\components\\ui\\accordion.tsx": {"path":"C:\\Users\\ivatu\\Documents\\sales ai\\components\\ui\\accordion.tsx","statementMap":{"0":{"start":{"line":58,"column":9},"end":{"line":58,"column":18}},"1":{"start":{"line":58,"column":53},"end":{"line":58,"column":69}},"2":{"start":{"line":58,"column":20},"end":{"line":58,"column":33}},"3":{"start":{"line":58,"column":35},"end":{"line":58,"column":51}},"4":{"start":{"line":3,"column":23},"end":{"line":3,"column":null}},"5":{"start":{"line":4,"column":36},"end":{"line":4,"column":null}},"6":{"start":{"line":5,"column":28},"end":{"line":5,"column":null}},"7":{"start":{"line":7,"column":19},"end":{"line":7,"column":null}},"8":{"start":{"line":9,"column":18},"end":{"line":9,"column":41}},"9":{"start":{"line":21,"column":0},"end":{"line":21,"column":null}},"10":{"start":{"line":41,"column":0},"end":{"line":41,"column":null}},"11":{"start":{"line":56,"column":0},"end":{"line":56,"column":null}}},"fnMap":{},"branchMap":{},"s":{"0":0,"1":0,"2":0,"3":0,"4":0,"5":0,"6":0,"7":0,"8":0,"9":0,"10":0,"11":0},"f":{},"b":{}}
[...]
":{"start":{"line":89,"column":16},"end":{"line":89,"column":42}},"2":{"start":{"line":45,"column":22},"end":{"line":45,"column":45}},"3":{"start":{"line":58,"column":22},"end":{"line":58,"column":52}},"4":{"start":{"line":19,"column":22},"end":{"line":19,"column":43}},"5":{"start":{"line":71,"column":22},"end":{"line":71,"column":45}},"6":{"start":{"line":1,"column":15},"end":{"line":1,"column":null}},"7":{"start":{"line":2,"column":17},"end":{"line":2,"column":null}},"8":{"start":{"line":20,"column":2},"end":{"line":39,"column":null}},"9":{"start":{"line":22,"column":20},"end":{"line":22,"column":null}},"10":{"start":{"line":23,"column":21},"end":{"line":23,"column":null}},"11":{"start":{"line":25,"column":4},"end":{"line":28,"column":null}},"12":{"start":{"line":26,"column":6},"end":{"line":26,"column":null}},"13":{"start":{"line":27,"column":6},"end":{"line":27,"column":null}},"14":{"start":{"line":31,"column":17},"end":{"line":31,"column":null}},"15":{"start":{"line":32,"column":22},"end":{"line":32,"column":null}},"16":{"start":{"line":34,"column":4},"end":{"line":34,"column":null}},"17":{"start":{"line":35,"column":4},"end":{"line":35,"column":null}},"18":{"start":{"line":37,"column":4},"end":{"line":37,"column":null}},"19":{"start":{"line":38,"column":4},"end":{"line":38,"column":null}},"20":{"start":{"line":46,"column":2},"end":{"line":52,"column":null}},"21":{"start":{"line":47,"column":22},"end":{"line":47,"column":null}},"22":{"start":{"line":48,"column":4},"end":{"line":48,"column":null}},"23":{"start":{"line":48,"column":33},"end":{"line":48,"column":51}},"24":{"start":{"line":50,"column":4},"end":{"line":50,"column":null}},"25":{"start":{"line":51,"column":4},"end":{"line":51,"column":null}},"26":{"start":{"line":59,"column":2},"end":{"line":65,"column":null}},"27":{"start":{"line":60,"column":22},"end":{"line":60,"column":null}},"28":{"start":{"line":61,"column":4},"end":{"line":61,"column":null}},"29":{"start":{"line":61,"column":35},"end":{"line":61,"column":null}},"30":{"start":{"line":63,"column":4},"end":{"line":63,"column":null}},"31":{"start":{"line":64,"column":4},"end":{"line":64,"column":null}},"32":{"start":{"line":72,"column":2},"end":{"line":83,"column":null}},"33":{"start":{"line":73,"column":22},"end":{"line":73,"column":null}},"34":{"start":{"line":74,"column":23},"end":{"line":74,"column":null}},"35":{"start":{"line":76,"column":4},"end":{"line":78,"column":null}},"36":{"start":{"line":77,"column":6},"end":{"line":78,"column":null}},"37":{"start":{"line":81,"column":4},"end":{"line":81,"column":null}},"38":{"start":{"line":82,"column":4},"end":{"line":82,"column":null}},"39":{"start":{"line":90,"column":2},"end":{"line":97,"column":null}},"40":{"start":{"line":104,"column":20},"end":{"line":110,"column":null}},"41":{"start":{"line":113,"column":2},"end":{"line":127,"column":null}},"42":{"start":{"line":114,"column":20},"end":{"line":114,"column":null}},"43":{"start":{"line":117,"column":4},"end":{"line":119,"column":null}},"44":{"start":{"line":118,"column":6},"end":{"line":118,"column":null}},"45":{"start":{"line":121,"column":21},"end":{"line":121,"column":null}},"46":{"start":{"line":122,"column":4},"end":{"line":122,"column":null}},"47":{"start":{"line":124,"column":4},"end":{"line":124,"column":null}},"48":{"start":{"line":126,"column":4},"end":{"line":126,"column":null}},"49":{"start":{"line":129,"column":2},"end":{"line":129,"column":null}}},"fnMap":{"0":{"name":"loadTrainingDocuments","decl":{"start":{"line":19,"column":22},"end":{"line":19,"column":43}},"loc":{"start":{"line":19,"column":22},"end":{"line":40,"column":null}}},"1":{"name":"getTrainingDocumentById","decl":{"start":{"line":45,"column":22},"end":{"line":45,"column":45}},"loc":{"start":{"line":45,"column":56},"end":{"line":53,"column":null}}},"2":{"name":"(anonymous_10)","decl":{"start":{"line":48,"column":26},"end":{"line":48,"column":33}},"loc":{"start":{"line":48,"column":33},"end":{"line":48,"column":51}}},"3":{"name":"getTrainingDocumentsByCategory","decl":{"start":{"line":58,"column":22},"end":{"line":58,"column":52}},"loc":{"start":{"line":58,"column":69},"end":{"line":66,"column":null}}},"4":{"name":"(anonymous_12)","decl":{"start":{"line":61,"column":28},"end":{"line":61,"column":35}},"loc":{"start":{"line":61,"column":35},"end":{"line":61,"column":null}}},"5":{"name":"searchTrainingDocuments","decl":{"start":{"line":71,"column":22},"end":{"line":71,"column":45}},"loc":{"start":{"line":71,"column":59},"end":{"line":84,"column":null}}},"6":{"name":"(anonymous_14)","decl":{"start":{"line":76,"column":28},"end":{"line":76,"column":null}},"loc":{"start":{"line":77,"column":6},"end":{"line":78,"column":null}}},"7":{"name":"createMockTrainingDocument","decl":{"start":{"line":89,"column":16},"end":{"line":89,"column":42}},"loc":{"start":{"line":89,"column":74},"end":{"line":98,"column":null}}},"8":{"name":"createMockTrainingData","decl":{"start":{"line":103,"column":22},"end":{"line":103,"column":44}},"loc":{"start":{"line":103,"column":22},"end":{"line":130,"column":null}}}},"branchMap":{"0":{"loc":{"start":{"line":25,"column":4},"end":{"line":28,"column":null}},"type":"if","locations":[{"start":{"line":25,"column":4},"end":{"line":28,"column":null}}]},"1":{"loc":{"start":{"line":48,"column":11},"end":{"line":48,"column":null}},"type":"binary-expr","locations":[{"start":{"line":48,"column":11},"end":{"line":48,"column":51}},{"start":{"line":48,"column":51},"end":{"line":48,"column":null}}]},"2":{"loc":{"start":{"line":77,"column":6},"end":{"line":78,"column":null}},"type":"binary-expr","locations":[{"start":{"line":77,"column":6},"end":{"line":77,"column":null}},{"start":{"line":78,"column":6},"end":{"line":78,"column":null}}]},"3":{"loc":{"start":{"line":117,"column":4},"end":{"line":119,"column":null}},"type":"if","locations":[{"start":{"line":117,"column":4},"end":{"line":119,"column":null}}]}},"s":{"0":0,"1":0,"2":0,"3":0,"4":0,"5":0,"6":0,"7":0,"8":0,"9":0,"10":0,"11":0,"12":0,"13":0,"14":0,"15":0,"16":0,"17":0,"18":0,"19":0,"20":0,"21":0,"22":0,"23":0,"24":0,"25":0,"26":0,"27":0,"28":0,"29":0,"30":0,"31":0,"32":0,"33":0,"34":0,"35":0,"36":0,"37":0,"38":0,"39":0,"40":0,"41":0,"42":0,"43":0,"44":0,"45":0,"46":0,"47":0,"48":0,"49":0},"f":{"0":0,"1":0,"2":0,"3":0,"4":0,"5":0,"6":0,"7":0,"8":0},"b":{"0":[0],"1":[0,0],"2":[0,0],"3":[0]}}
,"C:\\Users\\ivatu\\Documents\\sales ai\\lib\\token-counter.ts": {"path":"C:\\Users\\ivatu\\Documents\\sales ai\\lib\\token-counter.ts","statementMap":{"0":{"start":{"line":85,"column":16},"end":{"line":85,"column":29}},"1":{"start":{"line":66,"column":16},"end":{"line":66,"column":46}},"2":{"start":{"line":43,"column":16},"end":{"line":43,"column":41}},"3":{"start":{"line":17,"column":16},"end":{"line":17,"column":42}},"4":{"start":{"line":30,"column":16},"end":{"line":30,"column":43}},"5":{"start":{"line":9,"column":28},"end":{"line":9,"column":null}},"6":{"start":{"line":12,"column":28},"end":{"line":12,"column":null}},"7":{"start":{"line":18,"column":2},"end":{"line":18,"column":null}},"8":{"start":{"line":18,"column":13},"end":{"line":18,"column":null}},"9":{"start":{"line":21,"column":20},"end":{"line":21,"column":31}},"10":{"start":{"line":22,"column":26},"end":{"line":22,"column":null}},"11":{"start":{"line":24,"column":2},"end":{"line":24,"column":null}},"12":{"start":{"line":31,"column":2},"end":{"line":31,"column":null}},"13":{"start":{"line":31,"column":13},"end":{"line":31,"column":null}},"14":{"start":{"line":34,"column":20},"end":{"line":34,"column":60}},"15":{"start":{"line":35,"column":26},"end":{"line":35,"column":null}},"16":{"start":{"line":37,"column":2},"end":{"line":37,"column":null}},"17":{"start":{"line":49,"column":19},"end":{"line":49,"column":null}},"18":{"start":{"line":52,"column":2},"end":{"line":52,"column":null}},"19":{"start":{"line":55,"column":2},"end":{"line":58,"column":null}},"20":{"start":{"line":57,"column":4},"end":{"line":57,"column":null}},"21":{"start":{"line":60,"column":2},"end":{"line":60,"column":null}},"22":{"start":{"line":72,"column":19},"end":{"line":72,"column":null}},"23":{"start":{"line":75,"column":2},"end":{"line":77,"column":null}},"24":{"start":{"line":76,"column":4},"end":{"line":76,"column":null}},"25":{"start":{"line":79,"column":2},"end":{"line":79,"column":null}},"26":{"start":{"line":91,"column":69},"end":{"line":100,"column":null}},"27":{"start":{"line":102,"column":23},"end":{"line":102,"column":62}},"28":{"start":{"line":104,"column":20},"end":{"line":104,"column":62}},"29":{"start":{"line":105,"column":21},"end":{"line":105,"column":68}},"30":{"start":{"line":107,"column":2},"end":{"line":107,"column":null}}},"fnMap":{"0":{"name":"estimateTokenCountFromText","decl":{"start":{"line":17,"column":16},"end":{"line":17,"column":42}},"loc":{"start":{"line":17,"column":55},"end":{"line":25,"column":null}}},"1":{"name":"estimateTokenCountFromWords","decl":{"start":{"line":30,"column":16},"end":{"line":30,"column":43}},"loc":{"start":{"line":30,"column":56},"end":{"line":38,"column":null}}},"2":{"name":"estimateMessageTokenCount","decl":{"start":{"line":43,"column":16},"end":{"line":43,"column":41}},"loc":{"start":{"line":47,"column":1},"end":{"line":61,"column":null}}},"3":{"name":"estimateConversationTokenCount","decl":{"start":{"line":66,"column":16},"end":{"line":66,"column":46}},"loc":{"start":{"line":70,"column":2},"end":{"line":80,"column":null}}},"4":{"name":"calculateCost","decl":{"start":{"line":85,"column":16},"end":{"line":85,"column":29}},"loc":{"start":{"line":88,"column":30},"end":{"line":108,"column":null}}}},"branchMap":{"0":{"loc":{"start":{"line":18,"column":2},"end":{"line":18,"column":null}},"type":"if","locations":[{"start":{"line":18,"column":2},"end":{"line":18,"column":null}}]},"1":{"loc":{"start":{"line":31,"column":2},"end":{"line":31,"column":null}},"type":"if","locations":[{"start":{"line":31,"column":2},"end":{"line":31,"column":null}}]},"2":{"loc":{"start":{"line":55,"column":2},"end":{"line":58,"column":null}},"type":"if","locations":[{"start":{"line":55,"column":2},"end":{"line":58,"column":null}}]},"3":{"loc":{"start":{"line":88,"column":2},"end":{"line":88,"column":30}},"type":"default-arg","locations":[{"start":{"line":88,"column":18},"end":{"line":88,"column":30}}]},"4":{"loc":{"start":{"line":102,"column":23},"end":{"line":102,"column":62}},"type":"binary-expr","locations":[{"start":{"line":102,"column":23},"end":{"line":102,"column":37}},{"start":{"line":102,"column":41},"end":{"line":102,"column":62}}]}},"s":{"0":0,"1":0,"2":0,"3":0,"4":0,"5":0,"6":0,"7":0,"8":0,"9":0,"10":0,"11":0,"12":0,"13":0,"14":0,"15":0,"16":0,"17":0,"18":0,"19":0,"20":0,"21":0,"22":0,"23":0,"24":0,"25":0,"26":0,"27":0,"28":0,"29":0,"30":0},"f":{"0":0,"1":0,"2":0,"3":0,"4":0},"b":{"0":[0],"1":[0],"2":[0],"3":[0],"4":[0,0]}}
,"C:\\Users\\ivatu\\Documents\\sales ai\\lib\\training-data-loader.ts": {"path":"C:\\Users\\ivatu\\Documents\\sales ai\\lib\\training-data-loader.ts","statementMap":{"0":{"start":{"line":164,"column":22},"end":{"line":164,"column":43}},"1":{"start":{"line":196,"column":16},"end":{"line":196,"column":34}},"2":{"start":{"line":8,"column":22},"end":{"line":8,"column":38}},"3":{"start":{"line":1,"column":15},"end":{"line":1,"column":null}},"4":{"start":{"line":2,"column":17},"end":{"line":2,"column":null}},"5":{"start":{"line":3,"column":80},"end":{"line":3,"column":null}},"6":{"start":{"line":9,"column":2},"end":{"line":40,"column":null}},"7":{"start":{"line":11,"column":22},"end":{"line":11,"column":null}},"8":{"start":{"line":14,"column":25},"end":{"line":27,"column":null}},"9":{"start":{"line":21,"column":39},"end":{"line":26,"column":null}},"10":{"start":{"line":29,"column":4},"end":{"line":29,"column":null}},"11":{"start":{"line":31,"column":4},"end":{"line":31,"column":null}},"12":{"start":{"line":32,"column":4},"end":{"line":39,"column":null}},"13":{"start":{"line":45,"column":28},"end":{"line":55,"column":null}},"14":{"start":{"line":57,"column":2},"end":{"line":57,"column":null}},"15":{"start":{"line":61,"column":26},"end":{"line":70,"column":null}},"16":{"start":{"line":72,"column":2},"end":{"line":72,"column":null}},"17":{"start":{"line":76,"column":28},"end":{"line":86,"column":null}},"18":{"start":{"line":88,"column":2},"end":{"line":88,"column":null}},"19":{"start":{"line":92,"column":24},"end":{"line":103,"column":null}},"20":{"start":{"line":105,"column":2},"end":{"line":105,"column":null}},"21":{"start":{"line":110,"column":26},"end":{"line":112,"column":null}},"22":{"start":{"line":111,"column":4},"end":{"line":112,"column":null}},"23":{"start":{"line":115,"column":2},"end":{"line":120,"column":null}},"24":{"start":{"line":115,"column":37},"end":{"line":120,"column":null}},"25":{"start":{"line":125,"column":26},"end":{"line":125,"column":28}},"26":{"start":{"line":127,"column":2},"end":{"line":141,"column":null}},"27":{"start":{"line":128,"column":23},"end":{"line":128,"column":null}},"28":{"start":{"line":130,"column":4},"end":{"line":140,"column":null}},"29":{"start":{"line":132,"column":6},"end":{"line":139,"column":null}},"30":{"start":{"line":132,"column":35},"end":{"line":132,"column":79}},"31":{"start":{"line":133,"column":8},"end":{"line":138,"column":null}},"32":{"start":{"line":143,"column":2},"end":{"line":143,"column":null}},"33":{"start":{"line":148,"column":2},"end":{"line":150,"column":null}},"34":{"start":{"line":149,"column":4},"end":{"line":149,"column":null}},"35":{"start":{"line":153,"column":20},"end":{"line":153,"column":null}},"36":{"start":{"line":154,"column":21},"end":{"line":154,"column":null}},"37":{"start":{"line":156,"column":2},"end":{"line":158,"column":null}},"38":{"start":{"line":157,"column":4},"end":{"line":157,"column":null}},"39":{"start":{"line":160,"column":2},"end":{"line":160,"column":null}},"40":{"start":{"line":165,"column":2},"end":{"line":192,"column":null}},"41":{"start":{"line":167,"column":21},"end":{"line":167,"column":null}},"42":{"start":{"line":170,"column":20},"end":{"line":170,"column":null}},"43":{"start":{"line":171,"column":25},"end":{"line":171,"column":null}},"44":{"start":{"line":174,"column":4},"end":{"line":183,"column":null}},"45":{"start":{"line":176,"column":6},"end":{"line":176,"column":null}},"46":{"start":{"line":177,"column":11},"end":{"line":183,"column":null}},"47":{"start":{"line":179,"column":6},"end":{"line":179,"column":null}},"48":{"start":{"line":182,"column":6},"end":{"line":182,"column":null}},"49":{"start":{"line":186,"column":4},"end":{"line":186,"column":null}},"50":{"start":{"line":188,"column":4},"end":{"line":188,"column":null}},"51":{"start":{"line":190,"column":4},"end":{"line":190,"column":null}},"52":{"start":{"line":191,"column":4},"end":{"line":191,"column":null}},"53":{"start":{"line":197,"column":2},"end":{"line":203,"column":null}}},"fnMap":{"0":{"name":"loadTrainingData","decl":{"start":{"line":8,"column":22},"end":{"line":8,"column":38}},"loc":{"start":{"line":8,"column":22},"end":{"line":41,"column":null}}},"1":{"name":"(anonymous_6)","decl":{"start":{"line":21,"column":31},"end":{"line":21,"column":39}},"loc":{"start":{"line":21,"column":39},"end":{"line":26,"column":null}}},"2":{"name":"extractObjectionHandling","decl":{"start":{"line":44,"column":9},"end":{"line":44,"column":34}},"loc":{"start":{"line":44,"column":63},"end":{"line":58,"column":null}}},"3":{"name":"extractClosingTechniques","decl":{"start":{"line":60,"column":9},"end":{"line":60,"column":34}},"loc":{"start":{"line":60,"column":63},"end":{"line":73,"column":null}}},"4":{"name":"extractDiscoveryQuestions","decl":{"start":{"line":75,"column":9},"end":{"line":75,"column":35}},"loc":{"start":{"line":75,"column":64},"end":{"line":89,"column":null}}},"5":{"name":"extractValuePropositions","decl":{"start":{"line":91,"column":9},"end":{"line":91,"column":34}},"loc":{"start":{"line":91,"column":63},"end":{"line":106,"column":null}}},"6":{"name":"extractSalesScripts","decl":{"start":{"line":108,"column":9},"end":{"line":108,"column":29}},"loc":{"start":{"line":108,"column":58},"end":{"line":121,"column":null}}},"7":{"name":"(anonymous_12)","decl":{"start":{"line":110,"column":43},"end":{"line":110,"column":null}},"loc":{"start":{"line":111,"column":4},"end":{"line":112,"column":null}}},"8":{"name":"(anonymous_13)","decl":{"start":{"line":115,"column":29},"end":{"line":115,"column":37}},"loc":{"start":{"line":115,"column":37},"end":{"line":120,"column":null}}},"9":{"name":"extractRelevantContent","decl":{"start":{"line":124,"column":9},"end":{"line":124,"column":32}},"loc":{"start":{"line":124,"column":95},"end":{"line":144,"column":null}}},"10":{"name":"(anonymous_15)","decl":{"start":{"line":132,"column":24},"end":{"line":132,"column":35}},"loc":{"start":{"line":132,"column":35},"end":{"line":132,"column":79}}},"11":{"name":"summarizeDocument","decl":{"start":{"line":147,"column":9},"end":{"line":147,"column":27}},"loc":{"start":{"line":147,"column":67},"end":{"line":161,"column":null}}},"12":{"name":"addCustomTrainingData","decl":{"start":{"line":164,"column":22},"end":{"line":164,"column":43}},"loc":{"start":{"line":164,"column":71},"end":{"line":193,"column":null}}},"13":{"name":"getPromptTemplates","decl":{"start":{"line":196,"column":16},"end":{"line":196,"column":34}},"loc":{"start":{"line":196,"column":16},"end":{"line":204,"column":null}}}},"branchMap":{"0":{"loc":{"start":{"line":111,"column":4},"end":{"line":112,"column":null}},"type":"binary-expr","locations":[{"start":{"line":111,"column":4},"end":{"line":111,"column":null}},{"start":{"line":112,"column":4},"end":{"line":112,"column":null}}]},"1":{"loc":{"start":{"line":132,"column":6},"end":{"line":139,"column":null}},"type":"if","locations":[{"start":{"line":132,"column":6},"end":{"line":139,"column":null}}]},"2":{"loc":{"start":{"line":147,"column":44},"end":{"line":147,"column":67}},"type":"default-arg","locations":[{"start":{"line":147,"column":64},"end":{"line":147,"column":67}}]},"3":{"loc":{"start":{"line":148,"column":2},"end":{"line":150,"column":null}},"type":"if","locations":[{"start":{"line":148,"column":2},"end":{"line":150,"column":null}}]},"4":{"loc":{"start":{"line":156,"column":2},"end":{"line":158,"column":null}},"type":"if","locations":[{"start":{"line":156,"column":2},"end":{"line":158,"column":null}}]},"5":{"loc":{"start":{"line":174,"column":4},"end":{"line":183,"column":null}},"type":"if","locations":[{"start":{"line":174,"column":4},"end":{"line":183,"column":null}},{"start":{"line":177,"column":11},"end":{"line":183,"column":null}}]},"6":{"loc":{"start":{"line":177,"column":11},"end":{"line":183,"column":null}},"type":"if","locations":[{"start":{"line":177,"column":11},"end":{"line":183,"column":null}},{"start":{"line":180,"column":11},"end":{"line":183,"column":null}}]}},"s":{"0":0,"1":0,"2":0,"3":0,"4":0,"5":0,"6":0,"7":0,"8":0,"9":0,"10":0,"11":0,"12":0,"13":0,"14":0,"15":0,"16":0,"17":0,"18":0,"19":0,"20":0,"21":0,"22":0,"23":0,"24":0,"25":0,"26":0,"27":0,"28":0,"29":0,"30":0,"31":0,"32":0,"33":0,"34":0,"35":0,"36":0,"37":0,"38":0,"39":0,"40":0,"41":0,"42":0,"43":0,"44":0,"45":0,"46":0,"47":0,"48":0,"49":0,"50":0,"51":0,"52":0,"53":0},"f":{"0":0,"1":0,"2":0,"3":0,"4":0,"5":0,"6":0,"7":0,"8":0,"9":0,"10":0,"11":0,"12":0,"13":0},"b":{"0":[0,0],"1":[0],"2":[0],"3":[0],"4":[0],"5":[0,0],"6":[0,0]}}
,"C:\\Users\\ivatu\\Documents\\sales ai\\lib\\utils.ts": {"path":"C:\\Users\\ivatu\\Documents\\sales ai\\lib\\utils.ts","statementMap":{"0":{"start":{"line":4,"column":16},"end":{"line":4,"column":19}},"1":{"start":{"line":1,"column":38},"end":{"line":1,"column":null}},"2":{"start":{"line":2,"column":24},"end":{"line":2,"column":null}},"3":{"start":{"line":5,"column":2},"end":{"line":5,"column":null}}},"fnMap":{"0":{"name":"cn","decl":{"start":{"line":4,"column":16},"end":{"line":4,"column":19}},"loc":{"start":{"line":4,"column":42},"end":{"line":6,"column":null}}}},"branchMap":{},"s":{"0":0,"1":0,"2":0,"3":0},"f":{"0":0},"b":{}}
}
